2022-12-15 16:15:59.440 [info] Log level: Info
2022-12-15 16:15:59.440 [info] Validating found git in: "git"
2022-12-15 16:15:59.440 [info] Using git "2.25.1" from "git"
2022-12-15 16:15:59.440 [info] > git rev-parse --show-toplevel [8ms]
2022-12-15 16:15:59.440 [info] > git rev-parse --git-dir --git-common-dir [8ms]
2022-12-15 16:15:59.440 [info] Open repository: /home/paolo/soyHenry/prepcourse
2022-12-15 16:15:59.441 [info] > git rev-parse --show-toplevel [9ms]
2022-12-15 16:15:59.455 [info] > git rev-parse --git-dir --git-common-dir [2ms]
2022-12-15 16:15:59.471 [info] Open repository: /home/paolo/soyHenry/prepcourse/Prep-Course
2022-12-15 16:15:59.477 [info] > git config --get commit.template [39ms]
2022-12-15 16:15:59.501 [warning] No remotes found in the git config file.
2022-12-15 16:15:59.511 [info] > git config --get commit.template [28ms]
2022-12-15 16:15:59.512 [info] > git for-each-ref --format=%(refname)%00%(upstream:short)%00%(objectname)%00%(upstream:track)%00%(upstream:remotename)%00%(upstream:remoteref) refs/heads/master refs/remotes/master [4ms]
2022-12-15 16:15:59.512 [info] > git remote --verbose [11ms]
2022-12-15 16:15:59.542 [info] > git status -z -uall [25ms]
2022-12-15 16:15:59.542 [info] > git for-each-ref --sort -committerdate --format %(refname) %(objectname) %(*objectname) [13ms]
2022-12-15 16:15:59.555 [info] > git for-each-ref --format=%(refname)%00%(upstream:short)%00%(objectname)%00%(upstream:track)%00%(upstream:remotename)%00%(upstream:remoteref) refs/heads/main refs/remotes/main [14ms]
2022-12-15 16:15:59.567 [info] > git config --get commit.template [13ms]
2022-12-15 16:15:59.569 [info] > git for-each-ref --sort -committerdate --format %(refname) %(objectname) %(*objectname) [5ms]
2022-12-15 16:15:59.578 [warning] No remotes found in the git config file.
2022-12-15 16:15:59.579 [info] > git status -z -uall [20ms]
2022-12-15 16:15:59.579 [info] > git for-each-ref --format=%(refname)%00%(upstream:short)%00%(objectname)%00%(upstream:track)%00%(upstream:remotename)%00%(upstream:remoteref) refs/heads/master refs/remotes/master [5ms]
2022-12-15 16:15:59.607 [info] > git remote --verbose [29ms]
2022-12-15 16:15:59.625 [info] > git status -z -uall [6ms]
2022-12-15 16:15:59.625 [info] > git for-each-ref --sort -committerdate --format %(refname) %(objectname) %(*objectname) [1ms]
2022-12-15 16:15:59.627 [info] > git config --get commit.template [21ms]
2022-12-15 16:15:59.632 [info] > git for-each-ref --format=%(refname)%00%(upstream:short)%00%(objectname)%00%(upstream:track)%00%(upstream:remotename)%00%(upstream:remoteref) refs/heads/main refs/remotes/main [1ms]
2022-12-15 16:15:59.640 [info] > git for-each-ref --sort -committerdate --format %(refname) %(objectname) %(*objectname) [1ms]
2022-12-15 16:15:59.645 [info] > git status -z -uall [10ms]
2022-12-15 16:16:00.006 [info] > git check-ignore -v -z --stdin [6ms]
2022-12-15 16:16:00.007 [info] > git check-ignore -v -z --stdin [2ms]
2022-12-15 16:16:00.584 [info] > git check-ignore -v -z --stdin [1ms]
2022-12-15 16:16:10.476 [info] > git check-ignore -v -z --stdin [1ms]
2022-12-15 16:16:11.535 [info] > git show --textconv :00-PrimerosPasos/README.json [91ms]
2022-12-15 16:16:11.536 [info] > git ls-files --stage -- /home/paolo/soyHenry/prepcourse/Prep-Course/00-PrimerosPasos/README.json [81ms]
2022-12-15 16:16:11.574 [info] > git cat-file -s 87c2f4ffe4ba6b3e308b9b80c79aa4524c6e400f [27ms]
2022-12-15 16:16:16.049 [info] > git check-ignore -v -z --stdin [1ms]
2022-12-15 16:16:17.442 [info] > git check-ignore -v -z --stdin [1ms]
2022-12-15 16:16:19.022 [info] > git show --textconv :01a-Git/homework/README.md [6ms]
2022-12-15 16:16:19.022 [info] > git ls-files --stage -- /home/paolo/soyHenry/prepcourse/Prep-Course/01a-Git/homework/README.md [1ms]
2022-12-15 16:16:19.028 [info] > git cat-file -s 516e5def642a0d15162068d1ea11029d5ea6feb3 [1ms]
2022-12-15 16:19:52.686 [info] > git show --textconv :00-PrimerosPasos/README.md [5ms]
2022-12-15 16:19:52.687 [info] > git ls-files --stage -- /home/paolo/soyHenry/prepcourse/Prep-Course/00-PrimerosPasos/README.md [2ms]
2022-12-15 16:19:52.692 [info] > git cat-file -s 8696c154cb4965def98c252bb2eca39577db6964 [1ms]
2022-12-15 16:20:59.239 [info] > git show --textconv :00-PrimerosPasos/README.json [5ms]
2022-12-15 16:20:59.240 [info] > git ls-files --stage -- /home/paolo/soyHenry/prepcourse/Prep-Course/00-PrimerosPasos/README.json [2ms]
2022-12-15 16:20:59.245 [info] > git cat-file -s 87c2f4ffe4ba6b3e308b9b80c79aa4524c6e400f [1ms]
2022-12-15 16:21:04.803 [info] > git show --textconv :01a-Git/homework/README.md [5ms]
2022-12-15 16:21:04.804 [info] > git ls-files --stage -- /home/paolo/soyHenry/prepcourse/Prep-Course/01a-Git/homework/README.md [1ms]
2022-12-15 16:21:04.810 [info] > git cat-file -s 516e5def642a0d15162068d1ea11029d5ea6feb3 [1ms]
2022-12-15 16:49:52.025 [info] > git check-ignore -v -z --stdin [3ms]
2022-12-15 16:49:53.185 [info] > git show --textconv :01b-Git.-y-GitHub/README.json [8ms]
2022-12-15 16:49:53.186 [info] > git ls-files --stage -- /home/paolo/soyHenry/prepcourse/Prep-Course/01b-Git.-y-GitHub/README.json [2ms]
2022-12-15 16:49:53.194 [info] > git cat-file -s dbf9dd4c2d8731accedf9a290f845411e3dbb285 [2ms]
2022-12-15 16:49:53.935 [info] > git show --textconv :01b-Git.-y-GitHub/README.md [5ms]
2022-12-15 16:49:53.936 [info] > git ls-files --stage -- /home/paolo/soyHenry/prepcourse/Prep-Course/01b-Git.-y-GitHub/README.md [2ms]
2022-12-15 16:49:53.943 [info] > git cat-file -s 5368ffc1ca43cfef38965ac6cf24a35ac5391af1 [1ms]
2022-12-15 18:35:48.123 [info] > git check-ignore -v -z --stdin [3ms]
2022-12-15 18:36:02.802 [info] > git check-ignore -v -z --stdin [1ms]
2022-12-15 18:41:14.114 [info] > git config --get commit.template [6ms]
2022-12-15 18:41:14.116 [info] > git config --get commit.template [3ms]
2022-12-15 18:41:14.129 [warning] No remotes found in the git config file.
2022-12-15 18:41:14.142 [info] > git remote --verbose [13ms]
2022-12-15 18:41:14.143 [info] > git for-each-ref --format=%(refname)%00%(upstream:short)%00%(objectname)%00%(upstream:track)%00%(upstream:remotename)%00%(upstream:remoteref) refs/heads/master refs/remotes/master [19ms]
2022-12-15 18:41:14.155 [info] > git status -z -uall [8ms]
2022-12-15 18:41:14.156 [info] > git ls-files --stage -- /home/paolo/soyHenry/prepcourse/Prep-Course/01b-Git.-y-GitHub/README.md [15ms]
2022-12-15 18:41:14.164 [info] > git for-each-ref --format=%(refname)%00%(upstream:short)%00%(objectname)%00%(upstream:track)%00%(upstream:remotename)%00%(upstream:remoteref) refs/heads/main refs/remotes/main [30ms]
2022-12-15 18:41:14.175 [info] > git status -z -uall [6ms]
2022-12-15 18:41:14.176 [info] > git cat-file -s 5368ffc1ca43cfef38965ac6cf24a35ac5391af1 [12ms]
2022-12-15 18:41:14.176 [info] > git for-each-ref --sort -committerdate --format %(refname) %(objectname) %(*objectname) [23ms]
2022-12-15 18:41:14.192 [info] > git for-each-ref --sort -committerdate --format %(refname) %(objectname) %(*objectname) [18ms]
2022-12-15 18:41:14.283 [info] > git show --textconv :01b-Git.-y-GitHub/README.md [2ms]
2022-12-15 19:09:50.140 [info] > git config --get commit.template [6ms]
2022-12-15 19:09:50.142 [info] > git config --get commit.template [3ms]
2022-12-15 19:09:50.153 [warning] No remotes found in the git config file.
2022-12-15 19:09:50.161 [info] > git remote --verbose [7ms]
2022-12-15 19:09:50.161 [info] > git for-each-ref --format=%(refname)%00%(upstream:short)%00%(objectname)%00%(upstream:track)%00%(upstream:remotename)%00%(upstream:remoteref) refs/heads/master refs/remotes/master [13ms]
2022-12-15 19:09:50.180 [info] > git status -z -uall [14ms]
2022-12-15 19:09:50.181 [info] > git for-each-ref --format=%(refname)%00%(upstream:short)%00%(objectname)%00%(upstream:track)%00%(upstream:remotename)%00%(upstream:remoteref) refs/heads/main refs/remotes/main [22ms]
2022-12-15 19:09:50.191 [info] > git status -z -uall [6ms]
2022-12-15 19:09:50.193 [info] > git ls-files --stage -- /home/paolo/soyHenry/prepcourse/Prep-Course/01b-Git.-y-GitHub/README.md [13ms]
2022-12-15 19:09:50.200 [info] > git for-each-ref --sort -committerdate --format %(refname) %(objectname) %(*objectname) [30ms]
2022-12-15 19:09:50.204 [info] > git cat-file -s 5368ffc1ca43cfef38965ac6cf24a35ac5391af1 [4ms]
2022-12-15 19:09:50.205 [info] > git for-each-ref --sort -committerdate --format %(refname) %(objectname) %(*objectname) [15ms]
2022-12-15 19:09:50.248 [info] > git show --textconv :01b-Git.-y-GitHub/README.md [2ms]
2022-12-15 19:09:55.219 [info] > git config --get commit.template [7ms]
2022-12-15 19:09:55.221 [info] > git config --get commit.template [1ms]
2022-12-15 19:09:55.229 [warning] No remotes found in the git config file.
2022-12-15 19:09:55.234 [info] > git for-each-ref --format=%(refname)%00%(upstream:short)%00%(objectname)%00%(upstream:track)%00%(upstream:remotename)%00%(upstream:remoteref) refs/heads/master refs/remotes/master [9ms]
2022-12-15 19:09:55.234 [info] > git for-each-ref --format=%(refname)%00%(upstream:short)%00%(objectname)%00%(upstream:track)%00%(upstream:remotename)%00%(upstream:remoteref) refs/heads/main refs/remotes/main [1ms]
2022-12-15 19:09:55.244 [info] > git remote --verbose [15ms]
2022-12-15 19:09:55.253 [info] > git status -z -uall [13ms]
2022-12-15 19:09:55.253 [info] > git status -z -uall [5ms]
2022-12-15 19:09:55.254 [info] > git for-each-ref --sort -committerdate --format %(refname) %(objectname) %(*objectname) [10ms]
2022-12-15 19:09:55.256 [info] > git for-each-ref --sort -committerdate --format %(refname) %(objectname) %(*objectname) [2ms]
2022-12-15 23:28:58.265 [info] > git check-ignore -v -z --stdin [1ms]
2022-12-15 23:28:58.950 [info] > git check-ignore -v -z --stdin [1ms]
2022-12-15 23:29:00.367 [info] > git show --textconv :02-JS-I/homework/homework.js [29ms]
2022-12-15 23:29:00.369 [info] > git ls-files --stage -- /home/paolo/soyHenry/prepcourse/Prep-Course/02-JS-I/homework/homework.js [3ms]
2022-12-15 23:29:00.380 [info] > git cat-file -s 3c92ac9cdfdee504b814620fa6b002a204e9d3cd [1ms]
