2022-12-13 18:58:50.086 [info] Log level: Info
2022-12-13 18:58:50.086 [info] Validating found git in: "git"
2022-12-13 18:58:50.145 [info] Using git "2.25.1" from "git"
2022-12-13 18:58:50.179 [info] > git rev-parse --show-toplevel [25ms]
2022-12-13 18:58:50.184 [info] > git rev-parse --git-dir --git-common-dir [1ms]
2022-12-13 18:58:50.205 [info] Open repository: /home/paolo/develop/cursodeintroduccionareact
2022-12-13 18:58:50.268 [info] > git rev-parse --show-toplevel [51ms]
2022-12-13 18:58:50.282 [info] > git rev-parse --show-toplevel [7ms]
2022-12-13 18:58:50.293 [info] > git config --get commit.template [56ms]
2022-12-13 18:58:50.301 [info] > git rev-parse --show-toplevel [10ms]
2022-12-13 18:58:50.319 [warning] No remotes found in the git config file.
2022-12-13 18:58:50.322 [info] > git remote --verbose [3ms]
2022-12-13 18:58:50.327 [info] > git for-each-ref --format=%(refname)%00%(upstream:short)%00%(objectname)%00%(upstream:track)%00%(upstream:remotename)%00%(upstream:remoteref) refs/heads/master refs/remotes/master [13ms]
2022-12-13 18:58:50.342 [info] > git status -z -uall [10ms]
2022-12-13 18:58:50.343 [info] > git for-each-ref --sort -committerdate --format %(refname) %(objectname) %(*objectname) [7ms]
2022-12-13 18:58:50.372 [info] > git config --get commit.template [4ms]
2022-12-13 18:58:50.396 [warning] No remotes found in the git config file.
2022-12-13 18:58:50.397 [info] > git remote --verbose [2ms]
2022-12-13 18:58:50.398 [info] > git for-each-ref --format=%(refname)%00%(upstream:short)%00%(objectname)%00%(upstream:track)%00%(upstream:remotename)%00%(upstream:remoteref) refs/heads/master refs/remotes/master [19ms]
2022-12-13 18:58:50.415 [info] > git status -z -uall [12ms]
2022-12-13 18:58:50.415 [info] > git for-each-ref --sort -committerdate --format %(refname) %(objectname) %(*objectname) [4ms]
2022-12-13 18:58:50.733 [info] > git check-ignore -v -z --stdin [1ms]
2022-12-13 18:58:50.789 [info] > git show --textconv :src/TodoSearch.css [7ms]
2022-12-13 18:58:50.792 [info] > git ls-files --stage -- /home/paolo/develop/cursodeintroduccionareact/src/TodoSearch.css [7ms]
2022-12-13 18:58:53.422 [info] > git show --textconv :src/App.js [48ms]
2022-12-13 18:58:53.422 [info] > git ls-files --stage -- /home/paolo/develop/cursodeintroduccionareact/src/App.js [43ms]
2022-12-13 19:01:04.599 [info] > git show --textconv :src/App.css [8ms]
2022-12-13 19:01:04.599 [info] > git ls-files --stage -- /home/paolo/develop/cursodeintroduccionareact/src/App.css [1ms]
2022-12-13 19:01:05.279 [info] > git show --textconv :src/App.js [6ms]
2022-12-13 19:01:05.280 [info] > git ls-files --stage -- /home/paolo/develop/cursodeintroduccionareact/src/App.js [1ms]
2022-12-13 19:01:08.482 [info] > git show --textconv :src/CreateTodoButton.css [4ms]
2022-12-13 19:01:08.483 [info] > git ls-files --stage -- /home/paolo/develop/cursodeintroduccionareact/src/CreateTodoButton.css [2ms]
2022-12-13 19:01:09.252 [info] > git show --textconv :src/CreateTodoButton.js [15ms]
2022-12-13 19:01:09.253 [info] > git ls-files --stage -- /home/paolo/develop/cursodeintroduccionareact/src/CreateTodoButton.js [3ms]
2022-12-13 19:01:11.514 [info] > git show --textconv :src/index.js [6ms]
2022-12-13 19:01:11.514 [info] > git ls-files --stage -- /home/paolo/develop/cursodeintroduccionareact/src/index.js [1ms]
2022-12-13 19:02:13.479 [info] > git show --textconv :src/App.js [5ms]
2022-12-13 19:02:13.480 [info] > git ls-files --stage -- /home/paolo/develop/cursodeintroduccionareact/src/App.js [1ms]
2022-12-13 19:02:47.089 [info] > git show --textconv :src/TodoItem.js [4ms]
2022-12-13 19:02:47.089 [info] > git ls-files --stage -- /home/paolo/develop/cursodeintroduccionareact/src/TodoItem.js [1ms]
2022-12-13 19:03:14.783 [warning] No remotes found in the git config file.
2022-12-13 19:03:14.784 [info] > git config --get commit.template [10ms]
2022-12-13 19:03:14.785 [info] > git remote --verbose [2ms]
2022-12-13 19:03:14.785 [info] > git for-each-ref --format=%(refname)%00%(upstream:short)%00%(objectname)%00%(upstream:track)%00%(upstream:remotename)%00%(upstream:remoteref) refs/heads/master refs/remotes/master [6ms]
2022-12-13 19:03:14.794 [info] > git status -z -uall [5ms]
2022-12-13 19:03:14.796 [info] > git for-each-ref --sort -committerdate --format %(refname) %(objectname) %(*objectname) [3ms]
2022-12-13 19:03:43.160 [info] > git config --get commit.template [6ms]
2022-12-13 19:03:43.170 [warning] No remotes found in the git config file.
2022-12-13 19:03:43.170 [info] > git for-each-ref --format=%(refname)%00%(upstream:short)%00%(objectname)%00%(upstream:track)%00%(upstream:remotename)%00%(upstream:remoteref) refs/heads/master refs/remotes/master [11ms]
2022-12-13 19:03:43.171 [info] > git remote --verbose [1ms]
2022-12-13 19:03:43.186 [info] > git status -z -uall [10ms]
2022-12-13 19:03:43.187 [info] > git for-each-ref --sort -committerdate --format %(refname) %(objectname) %(*objectname) [2ms]
2022-12-13 19:04:54.575 [info] > git show --textconv :src/TodoItem.css [5ms]
2022-12-13 19:04:54.576 [info] > git ls-files --stage -- /home/paolo/develop/cursodeintroduccionareact/src/TodoItem.css [3ms]
2022-12-13 19:06:16.443 [info] > git config --get commit.template [1ms]
2022-12-13 19:06:16.458 [warning] No remotes found in the git config file.
2022-12-13 19:06:16.458 [info] > git for-each-ref --format=%(refname)%00%(upstream:short)%00%(objectname)%00%(upstream:track)%00%(upstream:remotename)%00%(upstream:remoteref) refs/heads/master refs/remotes/master [11ms]
2022-12-13 19:06:16.459 [info] > git remote --verbose [1ms]
2022-12-13 19:06:16.469 [info] > git status -z -uall [5ms]
2022-12-13 19:06:16.471 [info] > git for-each-ref --sort -committerdate --format %(refname) %(objectname) %(*objectname) [3ms]
2022-12-13 19:06:23.743 [info] > git config --get commit.template [1ms]
2022-12-13 19:06:23.752 [warning] No remotes found in the git config file.
2022-12-13 19:06:23.753 [info] > git remote --verbose [1ms]
2022-12-13 19:06:23.753 [info] > git for-each-ref --format=%(refname)%00%(upstream:short)%00%(objectname)%00%(upstream:track)%00%(upstream:remotename)%00%(upstream:remoteref) refs/heads/master refs/remotes/master [6ms]
2022-12-13 19:06:23.762 [info] > git status -z -uall [5ms]
2022-12-13 19:06:23.763 [info] > git for-each-ref --sort -committerdate --format %(refname) %(objectname) %(*objectname) [1ms]
2022-12-13 19:07:47.864 [info] > git config --get commit.template [0ms]
2022-12-13 19:07:47.873 [warning] No remotes found in the git config file.
2022-12-13 19:07:47.874 [info] > git for-each-ref --format=%(refname)%00%(upstream:short)%00%(objectname)%00%(upstream:track)%00%(upstream:remotename)%00%(upstream:remoteref) refs/heads/master refs/remotes/master [5ms]
2022-12-13 19:07:47.874 [info] > git remote --verbose [1ms]
2022-12-13 19:07:47.884 [info] > git status -z -uall [5ms]
2022-12-13 19:07:47.887 [info] > git for-each-ref --sort -committerdate --format %(refname) %(objectname) %(*objectname) [3ms]
2022-12-13 19:08:14.280 [info] > git show --textconv :src/TodoSearch.js [8ms]
2022-12-13 19:08:14.281 [info] > git ls-files --stage -- /home/paolo/develop/cursodeintroduccionareact/src/TodoSearch.js [2ms]
2022-12-13 19:09:51.510 [info] > git show --textconv :src/CreateTodoButton.js [8ms]
2022-12-13 19:09:51.512 [info] > git ls-files --stage -- /home/paolo/develop/cursodeintroduccionareact/src/CreateTodoButton.js [3ms]
2022-12-13 19:17:45.911 [info] > git show --textconv :src/App.js [4ms]
2022-12-13 19:17:45.912 [info] > git ls-files --stage -- /home/paolo/develop/cursodeintroduccionareact/src/App.js [2ms]
2022-12-13 19:18:01.868 [info] > git show --textconv :src/index.js [5ms]
2022-12-13 19:18:01.870 [info] > git ls-files --stage -- /home/paolo/develop/cursodeintroduccionareact/src/index.js [2ms]
2022-12-13 19:18:36.856 [info] > git config --get commit.template [1ms]
2022-12-13 19:18:36.864 [warning] No remotes found in the git config file.
2022-12-13 19:18:36.865 [info] > git for-each-ref --format=%(refname)%00%(upstream:short)%00%(objectname)%00%(upstream:track)%00%(upstream:remotename)%00%(upstream:remoteref) refs/heads/master refs/remotes/master [5ms]
2022-12-13 19:18:36.866 [info] > git remote --verbose [2ms]
2022-12-13 19:18:36.878 [info] > git status -z -uall [5ms]
2022-12-13 19:18:36.879 [info] > git for-each-ref --sort -committerdate --format %(refname) %(objectname) %(*objectname) [2ms]
2022-12-13 19:31:08.714 [warning] No remotes found in the git config file.
2022-12-13 19:31:08.715 [info] > git config --get commit.template [10ms]
2022-12-13 19:31:08.716 [info] > git remote --verbose [1ms]
2022-12-13 19:31:08.720 [info] > git for-each-ref --format=%(refname)%00%(upstream:short)%00%(objectname)%00%(upstream:track)%00%(upstream:remotename)%00%(upstream:remoteref) refs/heads/master refs/remotes/master [7ms]
2022-12-13 19:31:08.731 [info] > git status -z -uall [5ms]
2022-12-13 19:31:08.731 [info] > git for-each-ref --sort -committerdate --format %(refname) %(objectname) %(*objectname) [1ms]
2022-12-13 19:36:34.305 [warning] No remotes found in the git config file.
2022-12-13 19:36:34.306 [info] > git config --get commit.template [11ms]
2022-12-13 19:36:34.307 [info] > git remote --verbose [2ms]
2022-12-13 19:36:34.307 [info] > git for-each-ref --format=%(refname)%00%(upstream:short)%00%(objectname)%00%(upstream:track)%00%(upstream:remotename)%00%(upstream:remoteref) refs/heads/master refs/remotes/master [7ms]
2022-12-13 19:36:34.316 [info] > git status -z -uall [5ms]
2022-12-13 19:36:34.317 [info] > git for-each-ref --sort -committerdate --format %(refname) %(objectname) %(*objectname) [1ms]
