2022-12-17 17:33:11.286 [info] Extension host with pid 504 started
2022-12-17 17:33:11.339 [info] Lock '/home/paolo/.vscode-server/data/User/workspaceStorage/5868debe655f769d9612ccd9a32cb666/vscode.lock': Lock acquired.
2022-12-17 17:33:11.424 [info] ExtensionService#_doActivateExtension vscode.typescript-language-features, startup: false, activationEvent: 'onLanguage:javascript'
2022-12-17 17:33:11.426 [info] ExtensionService#_doActivateExtension vscode.git-base, startup: true, activationEvent: '*', root cause: vscode.git
2022-12-17 17:33:11.528 [info] ExtensionService#_doActivateExtension vscode.npm, startup: true, activationEvent: 'workspaceContains:package.json'
2022-12-17 17:33:11.753 [info] ExtensionService#_doActivateExtension vscode.git, startup: true, activationEvent: '*'
2022-12-17 17:33:11.753 [info] ExtensionService#_doActivateExtension vscode.github, startup: true, activationEvent: '*'
2022-12-17 17:33:12.462 [info] ExtensionService#_doActivateExtension vscode.debug-auto-launch, startup: false, activationEvent: 'onStartupFinished'
2022-12-17 17:33:12.463 [info] ExtensionService#_doActivateExtension vscode.emmet, startup: false, activationEvent: 'onStartupFinished'
2022-12-17 17:33:12.464 [info] ExtensionService#_doActivateExtension vscode.merge-conflict, startup: false, activationEvent: 'onStartupFinished'
2022-12-17 17:33:12.464 [info] ExtensionService#_doActivateExtension ritwickdey.LiveServer, startup: false, activationEvent: 'onStartupFinished'
2022-12-17 17:33:12.465 [info] Eager extensions activated
2022-12-17 17:49:05.281 [info] ExtensionService#_doActivateExtension vscode.configuration-editing, startup: false, activationEvent: 'onLanguage:json'
2022-12-17 17:49:05.282 [info] ExtensionService#_doActivateExtension vscode.extension-editing, startup: false, activationEvent: 'onLanguage:json'
2022-12-17 17:49:05.282 [info] ExtensionService#_doActivateExtension vscode.json-language-features, startup: false, activationEvent: 'onLanguage:json'
2022-12-17 21:34:50.841 [info] ExtensionService#_doActivateExtension vscode.markdown-language-features, startup: false, activationEvent: 'onLanguage:markdown'
2022-12-17 21:34:51.675 [info] ExtensionService#_doActivateExtension vscode.markdown-math, startup: false, activationEvent: 'api', root cause: vscode.markdown-language-features
2022-12-17 22:31:30.377 [info] Extension host terminating: received terminate message from renderer
2022-12-17 22:31:30.378 [info] Lock '/home/paolo/.vscode-server/data/User/workspaceStorage/5868debe655f769d9612ccd9a32cb666/vscode.lock': Marking the lockfile as scheduled to be released in 6000 ms.
2022-12-17 22:31:30.533 [info] Extension host with pid 504 exiting with code 0
