2022-12-17 09:27:00.570 [info] Log level: Info
2022-12-17 09:27:00.570 [info] Validating found git in: "git"
2022-12-17 09:27:00.571 [info] Using git "2.25.1" from "git"
2022-12-17 09:27:00.571 [info] > git rev-parse --show-toplevel [104ms]
2022-12-17 09:27:00.571 [info] > git rev-parse --git-dir --git-common-dir [2ms]
2022-12-17 09:27:00.571 [info] Open repository: /home/paolo/soyHenry/henryChallengue/2022-12-17-yaaaps
2022-12-17 09:27:00.606 [info] > git rev-parse --show-toplevel [43ms]
2022-12-17 09:27:00.614 [info] > git config --get commit.template [44ms]
2022-12-17 09:27:00.620 [info] > git for-each-ref --format=%(refname)%00%(upstream:short)%00%(objectname)%00%(upstream:track)%00%(upstream:remotename)%00%(upstream:remoteref) refs/heads/main refs/remotes/main [1ms]
2022-12-17 09:27:00.632 [info] > git status -z -uall [7ms]
2022-12-17 09:27:00.633 [info] > git for-each-ref --sort -committerdate --format %(refname) %(objectname) %(*objectname) [4ms]
2022-12-17 09:27:00.646 [info] > git config --get commit.template [2ms]
2022-12-17 09:27:00.653 [info] > git for-each-ref --format=%(refname)%00%(upstream:short)%00%(objectname)%00%(upstream:track)%00%(upstream:remotename)%00%(upstream:remoteref) refs/heads/main refs/remotes/main [1ms]
2022-12-17 09:27:00.662 [info] > git status -z -uall [4ms]
2022-12-17 09:27:00.663 [info] > git for-each-ref --sort -committerdate --format %(refname) %(objectname) %(*objectname) [2ms]
2022-12-17 09:27:01.119 [info] > git check-ignore -v -z --stdin [2ms]
2022-12-17 09:27:01.714 [info] > git show --textconv :01.js [17ms]
2022-12-17 09:27:01.715 [info] > git ls-files --stage -- /home/paolo/soyHenry/henryChallengue/2022-12-17-yaaaps/01.js [9ms]
2022-12-17 09:27:01.757 [info] > git cat-file -s 833ee45087901818c79baabf31e2acddc2a6b43c [13ms]
2022-12-17 09:27:23.702 [info] > git show --textconv :09.js [5ms]
2022-12-17 09:27:23.703 [info] > git ls-files --stage -- /home/paolo/soyHenry/henryChallengue/2022-12-17-yaaaps/09.js [2ms]
2022-12-17 09:27:23.710 [info] > git cat-file -s 91b0acc51ab33aa2ac55dae70177d434dcbce5e8 [2ms]
2022-12-17 09:27:27.573 [info] > git show --textconv :01.js [5ms]
2022-12-17 09:27:27.574 [info] > git ls-files --stage -- /home/paolo/soyHenry/henryChallengue/2022-12-17-yaaaps/01.js [1ms]
2022-12-17 09:27:27.580 [info] > git cat-file -s 833ee45087901818c79baabf31e2acddc2a6b43c [2ms]
2022-12-17 09:27:34.684 [info] > git check-ignore -v -z --stdin [1ms]
2022-12-17 09:27:35.751 [info] > git show --textconv :tests/01.test.js [4ms]
2022-12-17 09:27:35.752 [info] > git ls-files --stage -- /home/paolo/soyHenry/henryChallengue/2022-12-17-yaaaps/tests/01.test.js [2ms]
2022-12-17 09:27:35.757 [info] > git cat-file -s ad5d2c5d882fe9bf8c95b9a5ac3b0145682b5ccb [2ms]
2022-12-17 09:27:42.424 [info] > git show --textconv :01.js [5ms]
2022-12-17 09:27:42.424 [info] > git ls-files --stage -- /home/paolo/soyHenry/henryChallengue/2022-12-17-yaaaps/01.js [1ms]
2022-12-17 09:27:42.429 [info] > git cat-file -s 833ee45087901818c79baabf31e2acddc2a6b43c [2ms]
2022-12-17 09:43:31.269 [info] > git show --textconv :prueba.js [4ms]
2022-12-17 09:43:31.270 [info] > git ls-files --stage -- /home/paolo/soyHenry/henryChallengue/2022-12-17-yaaaps/prueba.js [2ms]
2022-12-17 09:43:31.522 [info] > git check-ignore -v -z --stdin [1ms]
2022-12-17 09:43:32.143 [info] > git config --get commit.template [1ms]
2022-12-17 09:43:32.149 [info] > git for-each-ref --format=%(refname)%00%(upstream:short)%00%(objectname)%00%(upstream:track)%00%(upstream:remotename)%00%(upstream:remoteref) refs/heads/main refs/remotes/main [1ms]
2022-12-17 09:43:32.157 [info] > git status -z -uall [4ms]
2022-12-17 09:43:32.158 [info] > git for-each-ref --sort -committerdate --format %(refname) %(objectname) %(*objectname) [2ms]
2022-12-17 09:50:34.964 [info] > git config --get commit.template [1ms]
2022-12-17 09:50:34.969 [info] > git for-each-ref --format=%(refname)%00%(upstream:short)%00%(objectname)%00%(upstream:track)%00%(upstream:remotename)%00%(upstream:remoteref) refs/heads/main refs/remotes/main [1ms]
2022-12-17 09:50:34.978 [info] > git status -z -uall [5ms]
2022-12-17 09:50:34.980 [info] > git for-each-ref --sort -committerdate --format %(refname) %(objectname) %(*objectname) [3ms]
2022-12-17 09:52:00.645 [info] > git config --get commit.template [10ms]
2022-12-17 09:52:00.646 [info] > git for-each-ref --format=%(refname)%00%(upstream:short)%00%(objectname)%00%(upstream:track)%00%(upstream:remotename)%00%(upstream:remoteref) refs/heads/main refs/remotes/main [6ms]
2022-12-17 09:52:00.656 [info] > git status -z -uall [5ms]
2022-12-17 09:52:00.657 [info] > git for-each-ref --sort -committerdate --format %(refname) %(objectname) %(*objectname) [2ms]
2022-12-17 09:52:21.354 [info] > git config --get commit.template [5ms]
2022-12-17 09:52:21.354 [info] > git for-each-ref --format=%(refname)%00%(upstream:short)%00%(objectname)%00%(upstream:track)%00%(upstream:remotename)%00%(upstream:remoteref) refs/heads/main refs/remotes/main [1ms]
2022-12-17 09:52:21.373 [info] > git status -z -uall [5ms]
2022-12-17 09:52:21.374 [info] > git for-each-ref --sort -committerdate --format %(refname) %(objectname) %(*objectname) [1ms]
2022-12-17 09:52:43.033 [info] > git config --get commit.template [12ms]
2022-12-17 09:52:43.033 [info] > git for-each-ref --format=%(refname)%00%(upstream:short)%00%(objectname)%00%(upstream:track)%00%(upstream:remotename)%00%(upstream:remoteref) refs/heads/main refs/remotes/main [1ms]
2022-12-17 09:52:43.043 [info] > git status -z -uall [5ms]
2022-12-17 09:52:43.044 [info] > git for-each-ref --sort -committerdate --format %(refname) %(objectname) %(*objectname) [2ms]
2022-12-17 09:53:21.446 [info] > git config --get commit.template [5ms]
2022-12-17 09:53:21.446 [info] > git for-each-ref --format=%(refname)%00%(upstream:short)%00%(objectname)%00%(upstream:track)%00%(upstream:remotename)%00%(upstream:remoteref) refs/heads/main refs/remotes/main [5ms]
2022-12-17 09:53:21.456 [info] > git status -z -uall [5ms]
2022-12-17 09:53:21.457 [info] > git for-each-ref --sort -committerdate --format %(refname) %(objectname) %(*objectname) [2ms]
2022-12-17 09:53:43.362 [info] > git config --get commit.template [6ms]
2022-12-17 09:53:43.362 [info] > git for-each-ref --format=%(refname)%00%(upstream:short)%00%(objectname)%00%(upstream:track)%00%(upstream:remotename)%00%(upstream:remoteref) refs/heads/main refs/remotes/main [1ms]
2022-12-17 09:53:43.376 [info] > git status -z -uall [9ms]
2022-12-17 09:53:43.378 [info] > git for-each-ref --sort -committerdate --format %(refname) %(objectname) %(*objectname) [3ms]
2022-12-17 10:29:48.793 [info] > git config --get commit.template [5ms]
2022-12-17 10:29:48.794 [info] > git for-each-ref --format=%(refname)%00%(upstream:short)%00%(objectname)%00%(upstream:track)%00%(upstream:remotename)%00%(upstream:remoteref) refs/heads/main refs/remotes/main [2ms]
2022-12-17 10:29:48.804 [info] > git status -z -uall [4ms]
2022-12-17 10:29:48.805 [info] > git for-each-ref --sort -committerdate --format %(refname) %(objectname) %(*objectname) [1ms]
2022-12-17 10:30:11.253 [info] > git config --get commit.template [9ms]
2022-12-17 10:30:11.253 [info] > git for-each-ref --format=%(refname)%00%(upstream:short)%00%(objectname)%00%(upstream:track)%00%(upstream:remotename)%00%(upstream:remoteref) refs/heads/main refs/remotes/main [5ms]
2022-12-17 10:30:11.263 [info] > git status -z -uall [5ms]
2022-12-17 10:30:11.264 [info] > git for-each-ref --sort -committerdate --format %(refname) %(objectname) %(*objectname) [2ms]
2022-12-17 10:30:16.641 [info] > git for-each-ref --format=%(refname)%00%(upstream:short)%00%(objectname)%00%(upstream:track)%00%(upstream:remotename)%00%(upstream:remoteref) refs/heads/main refs/remotes/main [4ms]
2022-12-17 10:30:16.641 [info] > git config --get commit.template [9ms]
2022-12-17 10:30:16.652 [info] > git status -z -uall [5ms]
2022-12-17 10:30:16.653 [info] > git for-each-ref --sort -committerdate --format %(refname) %(objectname) %(*objectname) [2ms]
2022-12-17 10:30:21.662 [info] > git config --get commit.template [1ms]
2022-12-17 10:30:21.667 [info] > git for-each-ref --format=%(refname)%00%(upstream:short)%00%(objectname)%00%(upstream:track)%00%(upstream:remotename)%00%(upstream:remoteref) refs/heads/main refs/remotes/main [1ms]
2022-12-17 10:30:21.675 [info] > git status -z -uall [4ms]
2022-12-17 10:30:21.675 [info] > git for-each-ref --sort -committerdate --format %(refname) %(objectname) %(*objectname) [1ms]
2022-12-17 10:30:50.104 [info] > git config --get commit.template [6ms]
2022-12-17 10:30:50.105 [info] > git for-each-ref --format=%(refname)%00%(upstream:short)%00%(objectname)%00%(upstream:track)%00%(upstream:remotename)%00%(upstream:remoteref) refs/heads/main refs/remotes/main [1ms]
2022-12-17 10:30:50.117 [info] > git status -z -uall [5ms]
2022-12-17 10:30:50.118 [info] > git for-each-ref --sort -committerdate --format %(refname) %(objectname) %(*objectname) [1ms]
2022-12-17 10:30:59.151 [info] > git config --get commit.template [1ms]
2022-12-17 10:30:59.158 [info] > git for-each-ref --format=%(refname)%00%(upstream:short)%00%(objectname)%00%(upstream:track)%00%(upstream:remotename)%00%(upstream:remoteref) refs/heads/main refs/remotes/main [3ms]
2022-12-17 10:30:59.167 [info] > git status -z -uall [5ms]
2022-12-17 10:30:59.169 [info] > git for-each-ref --sort -committerdate --format %(refname) %(objectname) %(*objectname) [1ms]
2022-12-17 10:31:04.178 [info] > git config --get commit.template [1ms]
2022-12-17 10:31:04.184 [info] > git for-each-ref --format=%(refname)%00%(upstream:short)%00%(objectname)%00%(upstream:track)%00%(upstream:remotename)%00%(upstream:remoteref) refs/heads/main refs/remotes/main [1ms]
2022-12-17 10:31:04.192 [info] > git status -z -uall [4ms]
2022-12-17 10:31:04.193 [info] > git for-each-ref --sort -committerdate --format %(refname) %(objectname) %(*objectname) [2ms]
2022-12-17 10:31:32.844 [info] > git config --get commit.template [5ms]
2022-12-17 10:31:32.849 [info] > git for-each-ref --format=%(refname)%00%(upstream:short)%00%(objectname)%00%(upstream:track)%00%(upstream:remotename)%00%(upstream:remoteref) refs/heads/main refs/remotes/main [5ms]
2022-12-17 10:31:32.861 [info] > git status -z -uall [6ms]
2022-12-17 10:31:32.861 [info] > git for-each-ref --sort -committerdate --format %(refname) %(objectname) %(*objectname) [2ms]
2022-12-17 10:31:47.944 [info] > git config --get commit.template [5ms]
2022-12-17 10:31:47.944 [info] > git for-each-ref --format=%(refname)%00%(upstream:short)%00%(objectname)%00%(upstream:track)%00%(upstream:remotename)%00%(upstream:remoteref) refs/heads/main refs/remotes/main [1ms]
2022-12-17 10:31:47.955 [info] > git status -z -uall [6ms]
2022-12-17 10:31:47.956 [info] > git for-each-ref --sort -committerdate --format %(refname) %(objectname) %(*objectname) [1ms]
2022-12-17 10:32:19.756 [info] > git config --get commit.template [0ms]
2022-12-17 10:32:19.762 [info] > git for-each-ref --format=%(refname)%00%(upstream:short)%00%(objectname)%00%(upstream:track)%00%(upstream:remotename)%00%(upstream:remoteref) refs/heads/main refs/remotes/main [1ms]
2022-12-17 10:32:19.775 [info] > git status -z -uall [7ms]
2022-12-17 10:32:19.776 [info] > git for-each-ref --sort -committerdate --format %(refname) %(objectname) %(*objectname) [1ms]
2022-12-17 10:32:43.197 [info] > git config --get commit.template [10ms]
2022-12-17 10:32:43.198 [info] > git for-each-ref --format=%(refname)%00%(upstream:short)%00%(objectname)%00%(upstream:track)%00%(upstream:remotename)%00%(upstream:remoteref) refs/heads/main refs/remotes/main [6ms]
2022-12-17 10:32:43.212 [info] > git status -z -uall [9ms]
2022-12-17 10:32:43.212 [info] > git for-each-ref --sort -committerdate --format %(refname) %(objectname) %(*objectname) [0ms]
2022-12-17 10:33:39.908 [info] > git config --get commit.template [6ms]
2022-12-17 10:33:39.908 [info] > git for-each-ref --format=%(refname)%00%(upstream:short)%00%(objectname)%00%(upstream:track)%00%(upstream:remotename)%00%(upstream:remoteref) refs/heads/main refs/remotes/main [1ms]
2022-12-17 10:33:39.922 [info] > git status -z -uall [6ms]
2022-12-17 10:33:39.922 [info] > git for-each-ref --sort -committerdate --format %(refname) %(objectname) %(*objectname) [0ms]
2022-12-17 10:34:09.667 [info] > git config --get commit.template [2ms]
2022-12-17 10:34:09.674 [info] > git for-each-ref --format=%(refname)%00%(upstream:short)%00%(objectname)%00%(upstream:track)%00%(upstream:remotename)%00%(upstream:remoteref) refs/heads/main refs/remotes/main [1ms]
2022-12-17 10:34:09.688 [info] > git status -z -uall [6ms]
2022-12-17 10:34:09.688 [info] > git for-each-ref --sort -committerdate --format %(refname) %(objectname) %(*objectname) [2ms]
2022-12-17 10:34:16.889 [info] > git config --get commit.template [6ms]
2022-12-17 10:34:16.890 [info] > git for-each-ref --format=%(refname)%00%(upstream:short)%00%(objectname)%00%(upstream:track)%00%(upstream:remotename)%00%(upstream:remoteref) refs/heads/main refs/remotes/main [1ms]
2022-12-17 10:34:16.902 [info] > git status -z -uall [5ms]
2022-12-17 10:34:16.903 [info] > git for-each-ref --sort -committerdate --format %(refname) %(objectname) %(*objectname) [2ms]
2022-12-17 10:34:23.625 [info] > git config --get commit.template [6ms]
2022-12-17 10:34:23.626 [info] > git for-each-ref --format=%(refname)%00%(upstream:short)%00%(objectname)%00%(upstream:track)%00%(upstream:remotename)%00%(upstream:remoteref) refs/heads/main refs/remotes/main [2ms]
2022-12-17 10:34:23.636 [info] > git status -z -uall [5ms]
2022-12-17 10:34:23.637 [info] > git for-each-ref --sort -committerdate --format %(refname) %(objectname) %(*objectname) [1ms]
2022-12-17 10:34:28.656 [info] > git config --get commit.template [6ms]
2022-12-17 10:34:28.657 [info] > git for-each-ref --format=%(refname)%00%(upstream:short)%00%(objectname)%00%(upstream:track)%00%(upstream:remotename)%00%(upstream:remoteref) refs/heads/main refs/remotes/main [2ms]
2022-12-17 10:34:28.666 [info] > git status -z -uall [5ms]
2022-12-17 10:34:28.667 [info] > git for-each-ref --sort -committerdate --format %(refname) %(objectname) %(*objectname) [1ms]
2022-12-17 10:35:10.295 [info] > git for-each-ref --format=%(refname)%00%(upstream:short)%00%(objectname)%00%(upstream:track)%00%(upstream:remotename)%00%(upstream:remoteref) refs/heads/main refs/remotes/main [1ms]
2022-12-17 10:35:10.295 [info] > git config --get commit.template [10ms]
2022-12-17 10:35:10.306 [info] > git status -z -uall [6ms]
2022-12-17 10:35:10.307 [info] > git for-each-ref --sort -committerdate --format %(refname) %(objectname) %(*objectname) [2ms]
2022-12-17 10:35:56.936 [info] > git config --get commit.template [1ms]
2022-12-17 10:35:56.942 [info] > git for-each-ref --format=%(refname)%00%(upstream:short)%00%(objectname)%00%(upstream:track)%00%(upstream:remotename)%00%(upstream:remoteref) refs/heads/main refs/remotes/main [1ms]
2022-12-17 10:35:56.950 [info] > git status -z -uall [4ms]
2022-12-17 10:35:56.951 [info] > git for-each-ref --sort -committerdate --format %(refname) %(objectname) %(*objectname) [2ms]
2022-12-17 10:36:24.368 [info] > git config --get commit.template [6ms]
2022-12-17 10:36:24.369 [info] > git for-each-ref --format=%(refname)%00%(upstream:short)%00%(objectname)%00%(upstream:track)%00%(upstream:remotename)%00%(upstream:remoteref) refs/heads/main refs/remotes/main [1ms]
2022-12-17 10:36:24.380 [info] > git status -z -uall [7ms]
2022-12-17 10:36:24.381 [info] > git for-each-ref --sort -committerdate --format %(refname) %(objectname) %(*objectname) [1ms]
2022-12-17 10:36:41.568 [info] > git config --get commit.template [6ms]
2022-12-17 10:36:41.568 [info] > git for-each-ref --format=%(refname)%00%(upstream:short)%00%(objectname)%00%(upstream:track)%00%(upstream:remotename)%00%(upstream:remoteref) refs/heads/main refs/remotes/main [1ms]
2022-12-17 10:36:41.584 [info] > git status -z -uall [4ms]
2022-12-17 10:36:41.585 [info] > git for-each-ref --sort -committerdate --format %(refname) %(objectname) %(*objectname) [1ms]
2022-12-17 10:38:02.527 [info] > git config --get commit.template [5ms]
2022-12-17 10:38:02.527 [info] > git for-each-ref --format=%(refname)%00%(upstream:short)%00%(objectname)%00%(upstream:track)%00%(upstream:remotename)%00%(upstream:remoteref) refs/heads/main refs/remotes/main [1ms]
2022-12-17 10:38:02.540 [info] > git status -z -uall [4ms]
2022-12-17 10:38:02.541 [info] > git for-each-ref --sort -committerdate --format %(refname) %(objectname) %(*objectname) [1ms]
2022-12-17 10:38:48.404 [info] > git config --get commit.template [5ms]
2022-12-17 10:38:48.405 [info] > git for-each-ref --format=%(refname)%00%(upstream:short)%00%(objectname)%00%(upstream:track)%00%(upstream:remotename)%00%(upstream:remoteref) refs/heads/main refs/remotes/main [1ms]
2022-12-17 10:38:48.428 [info] > git status -z -uall [5ms]
2022-12-17 10:38:48.428 [info] > git for-each-ref --sort -committerdate --format %(refname) %(objectname) %(*objectname) [1ms]
2022-12-17 10:39:01.322 [info] > git config --get commit.template [6ms]
2022-12-17 10:39:01.326 [info] > git for-each-ref --format=%(refname)%00%(upstream:short)%00%(objectname)%00%(upstream:track)%00%(upstream:remotename)%00%(upstream:remoteref) refs/heads/main refs/remotes/main [5ms]
2022-12-17 10:39:01.338 [info] > git status -z -uall [6ms]
2022-12-17 10:39:01.338 [info] > git for-each-ref --sort -committerdate --format %(refname) %(objectname) %(*objectname) [2ms]
2022-12-17 10:45:23.108 [info] > git config --get commit.template [0ms]
2022-12-17 10:45:23.117 [info] > git for-each-ref --format=%(refname)%00%(upstream:short)%00%(objectname)%00%(upstream:track)%00%(upstream:remotename)%00%(upstream:remoteref) refs/heads/main refs/remotes/main [3ms]
2022-12-17 10:45:23.128 [info] > git status -z -uall [6ms]
2022-12-17 10:45:23.130 [info] > git for-each-ref --sort -committerdate --format %(refname) %(objectname) %(*objectname) [2ms]
2022-12-17 10:46:20.859 [info] > git config --get commit.template [1ms]
2022-12-17 10:46:20.866 [info] > git for-each-ref --format=%(refname)%00%(upstream:short)%00%(objectname)%00%(upstream:track)%00%(upstream:remotename)%00%(upstream:remoteref) refs/heads/main refs/remotes/main [1ms]
2022-12-17 10:46:20.874 [info] > git status -z -uall [4ms]
2022-12-17 10:46:20.875 [info] > git for-each-ref --sort -committerdate --format %(refname) %(objectname) %(*objectname) [1ms]
2022-12-17 10:46:27.145 [info] > git show --textconv :02.js [5ms]
2022-12-17 10:46:27.146 [info] > git ls-files --stage -- /home/paolo/soyHenry/henryChallengue/2022-12-17-yaaaps/02.js [2ms]
2022-12-17 10:46:27.151 [info] > git cat-file -s 91aaca80cda4cca9b5dd6cdd2aa6ebe0686736b6 [1ms]
2022-12-17 10:59:03.700 [info] > git config --get commit.template [6ms]
2022-12-17 10:59:03.700 [info] > git for-each-ref --format=%(refname)%00%(upstream:short)%00%(objectname)%00%(upstream:track)%00%(upstream:remotename)%00%(upstream:remoteref) refs/heads/main refs/remotes/main [1ms]
2022-12-17 10:59:03.708 [info] > git status -z -uall [4ms]
2022-12-17 10:59:03.709 [info] > git for-each-ref --sort -committerdate --format %(refname) %(objectname) %(*objectname) [1ms]
2022-12-17 11:03:34.506 [info] > git config --get commit.template [1ms]
2022-12-17 11:03:34.512 [info] > git for-each-ref --format=%(refname)%00%(upstream:short)%00%(objectname)%00%(upstream:track)%00%(upstream:remotename)%00%(upstream:remoteref) refs/heads/main refs/remotes/main [1ms]
2022-12-17 11:03:34.520 [info] > git status -z -uall [4ms]
2022-12-17 11:03:34.521 [info] > git for-each-ref --sort -committerdate --format %(refname) %(objectname) %(*objectname) [1ms]
2022-12-17 11:04:36.100 [info] > git config --get commit.template [5ms]
2022-12-17 11:04:36.100 [info] > git for-each-ref --format=%(refname)%00%(upstream:short)%00%(objectname)%00%(upstream:track)%00%(upstream:remotename)%00%(upstream:remoteref) refs/heads/main refs/remotes/main [1ms]
2022-12-17 11:04:36.108 [info] > git status -z -uall [4ms]
2022-12-17 11:04:36.109 [info] > git for-each-ref --sort -committerdate --format %(refname) %(objectname) %(*objectname) [1ms]
2022-12-17 11:05:53.944 [info] > git config --get commit.template [1ms]
2022-12-17 11:05:53.951 [info] > git for-each-ref --format=%(refname)%00%(upstream:short)%00%(objectname)%00%(upstream:track)%00%(upstream:remotename)%00%(upstream:remoteref) refs/heads/main refs/remotes/main [1ms]
2022-12-17 11:05:53.968 [info] > git status -z -uall [6ms]
2022-12-17 11:05:53.969 [info] > git for-each-ref --sort -committerdate --format %(refname) %(objectname) %(*objectname) [1ms]
2022-12-17 11:07:06.907 [info] > git config --get commit.template [5ms]
2022-12-17 11:07:06.907 [info] > git for-each-ref --format=%(refname)%00%(upstream:short)%00%(objectname)%00%(upstream:track)%00%(upstream:remotename)%00%(upstream:remoteref) refs/heads/main refs/remotes/main [1ms]
2022-12-17 11:07:06.922 [info] > git status -z -uall [7ms]
2022-12-17 11:07:06.922 [info] > git for-each-ref --sort -committerdate --format %(refname) %(objectname) %(*objectname) [1ms]
2022-12-17 11:08:05.272 [info] > git config --get commit.template [7ms]
2022-12-17 11:08:05.273 [info] > git for-each-ref --format=%(refname)%00%(upstream:short)%00%(objectname)%00%(upstream:track)%00%(upstream:remotename)%00%(upstream:remoteref) refs/heads/main refs/remotes/main [0ms]
2022-12-17 11:08:05.283 [info] > git status -z -uall [5ms]
2022-12-17 11:08:05.284 [info] > git for-each-ref --sort -committerdate --format %(refname) %(objectname) %(*objectname) [1ms]
2022-12-17 11:08:23.467 [info] > git config --get commit.template [2ms]
2022-12-17 11:08:23.474 [info] > git for-each-ref --format=%(refname)%00%(upstream:short)%00%(objectname)%00%(upstream:track)%00%(upstream:remotename)%00%(upstream:remoteref) refs/heads/main refs/remotes/main [0ms]
2022-12-17 11:08:23.487 [info] > git status -z -uall [5ms]
2022-12-17 11:08:23.490 [info] > git for-each-ref --sort -committerdate --format %(refname) %(objectname) %(*objectname) [2ms]
2022-12-17 11:08:28.505 [info] > git config --get commit.template [6ms]
2022-12-17 11:08:28.505 [info] > git for-each-ref --format=%(refname)%00%(upstream:short)%00%(objectname)%00%(upstream:track)%00%(upstream:remotename)%00%(upstream:remoteref) refs/heads/main refs/remotes/main [1ms]
2022-12-17 11:08:28.514 [info] > git status -z -uall [4ms]
2022-12-17 11:08:28.516 [info] > git for-each-ref --sort -committerdate --format %(refname) %(objectname) %(*objectname) [2ms]
2022-12-17 11:08:33.532 [info] > git config --get commit.template [8ms]
2022-12-17 11:08:33.532 [info] > git for-each-ref --format=%(refname)%00%(upstream:short)%00%(objectname)%00%(upstream:track)%00%(upstream:remotename)%00%(upstream:remoteref) refs/heads/main refs/remotes/main [2ms]
2022-12-17 11:08:33.541 [info] > git status -z -uall [5ms]
2022-12-17 11:08:33.541 [info] > git for-each-ref --sort -committerdate --format %(refname) %(objectname) %(*objectname) [1ms]
2022-12-17 11:08:41.402 [info] > git config --get commit.template [6ms]
2022-12-17 11:08:41.402 [info] > git for-each-ref --format=%(refname)%00%(upstream:short)%00%(objectname)%00%(upstream:track)%00%(upstream:remotename)%00%(upstream:remoteref) refs/heads/main refs/remotes/main [0ms]
2022-12-17 11:08:41.412 [info] > git status -z -uall [5ms]
2022-12-17 11:08:41.413 [info] > git for-each-ref --sort -committerdate --format %(refname) %(objectname) %(*objectname) [1ms]
2022-12-17 11:09:10.708 [info] > git config --get commit.template [2ms]
2022-12-17 11:09:10.715 [info] > git for-each-ref --format=%(refname)%00%(upstream:short)%00%(objectname)%00%(upstream:track)%00%(upstream:remotename)%00%(upstream:remoteref) refs/heads/main refs/remotes/main [1ms]
2022-12-17 11:09:10.732 [info] > git status -z -uall [6ms]
2022-12-17 11:09:10.733 [info] > git for-each-ref --sort -committerdate --format %(refname) %(objectname) %(*objectname) [2ms]
2022-12-17 11:09:15.749 [info] > git config --get commit.template [7ms]
2022-12-17 11:09:15.749 [info] > git for-each-ref --format=%(refname)%00%(upstream:short)%00%(objectname)%00%(upstream:track)%00%(upstream:remotename)%00%(upstream:remoteref) refs/heads/main refs/remotes/main [1ms]
2022-12-17 11:09:15.759 [info] > git status -z -uall [5ms]
2022-12-17 11:09:15.760 [info] > git for-each-ref --sort -committerdate --format %(refname) %(objectname) %(*objectname) [1ms]
2022-12-17 11:09:27.682 [info] > git config --get commit.template [1ms]
2022-12-17 11:09:27.692 [info] > git for-each-ref --format=%(refname)%00%(upstream:short)%00%(objectname)%00%(upstream:track)%00%(upstream:remotename)%00%(upstream:remoteref) refs/heads/main refs/remotes/main [4ms]
2022-12-17 11:09:27.702 [info] > git status -z -uall [5ms]
2022-12-17 11:09:27.703 [info] > git for-each-ref --sort -committerdate --format %(refname) %(objectname) %(*objectname) [0ms]
2022-12-17 11:09:43.960 [info] > git config --get commit.template [5ms]
2022-12-17 11:09:43.961 [info] > git for-each-ref --format=%(refname)%00%(upstream:short)%00%(objectname)%00%(upstream:track)%00%(upstream:remotename)%00%(upstream:remoteref) refs/heads/main refs/remotes/main [1ms]
2022-12-17 11:09:43.970 [info] > git status -z -uall [5ms]
2022-12-17 11:09:43.970 [info] > git for-each-ref --sort -committerdate --format %(refname) %(objectname) %(*objectname) [1ms]
2022-12-17 11:10:49.528 [info] > git config --get commit.template [5ms]
2022-12-17 11:10:49.528 [info] > git for-each-ref --format=%(refname)%00%(upstream:short)%00%(objectname)%00%(upstream:track)%00%(upstream:remotename)%00%(upstream:remoteref) refs/heads/main refs/remotes/main [1ms]
2022-12-17 11:10:49.540 [info] > git status -z -uall [4ms]
2022-12-17 11:10:49.542 [info] > git for-each-ref --sort -committerdate --format %(refname) %(objectname) %(*objectname) [1ms]
2022-12-17 11:12:31.610 [info] > git config --get commit.template [6ms]
2022-12-17 11:12:31.611 [info] > git for-each-ref --format=%(refname)%00%(upstream:short)%00%(objectname)%00%(upstream:track)%00%(upstream:remotename)%00%(upstream:remoteref) refs/heads/main refs/remotes/main [1ms]
2022-12-17 11:12:31.625 [info] > git status -z -uall [10ms]
2022-12-17 11:12:31.626 [info] > git for-each-ref --sort -committerdate --format %(refname) %(objectname) %(*objectname) [2ms]
2022-12-17 11:12:52.516 [info] > git config --get commit.template [1ms]
2022-12-17 11:12:52.525 [info] > git for-each-ref --format=%(refname)%00%(upstream:short)%00%(objectname)%00%(upstream:track)%00%(upstream:remotename)%00%(upstream:remoteref) refs/heads/main refs/remotes/main [4ms]
2022-12-17 11:12:52.536 [info] > git status -z -uall [5ms]
2022-12-17 11:12:52.539 [info] > git for-each-ref --sort -committerdate --format %(refname) %(objectname) %(*objectname) [3ms]
2022-12-17 11:13:09.926 [info] > git config --get commit.template [6ms]
2022-12-17 11:13:09.927 [info] > git for-each-ref --format=%(refname)%00%(upstream:short)%00%(objectname)%00%(upstream:track)%00%(upstream:remotename)%00%(upstream:remoteref) refs/heads/main refs/remotes/main [1ms]
2022-12-17 11:13:09.940 [info] > git status -z -uall [8ms]
2022-12-17 11:13:09.941 [info] > git for-each-ref --sort -committerdate --format %(refname) %(objectname) %(*objectname) [2ms]
2022-12-17 11:13:32.705 [info] > git config --get commit.template [1ms]
2022-12-17 11:13:32.712 [info] > git for-each-ref --format=%(refname)%00%(upstream:short)%00%(objectname)%00%(upstream:track)%00%(upstream:remotename)%00%(upstream:remoteref) refs/heads/main refs/remotes/main [1ms]
2022-12-17 11:13:32.728 [info] > git status -z -uall [6ms]
2022-12-17 11:13:32.729 [info] > git for-each-ref --sort -committerdate --format %(refname) %(objectname) %(*objectname) [1ms]
2022-12-17 11:17:20.102 [info] > git config --get commit.template [5ms]
2022-12-17 11:17:20.102 [info] > git for-each-ref --format=%(refname)%00%(upstream:short)%00%(objectname)%00%(upstream:track)%00%(upstream:remotename)%00%(upstream:remoteref) refs/heads/main refs/remotes/main [1ms]
2022-12-17 11:17:20.112 [info] > git status -z -uall [5ms]
2022-12-17 11:17:20.113 [info] > git for-each-ref --sort -committerdate --format %(refname) %(objectname) %(*objectname) [2ms]
2022-12-17 11:17:23.420 [info] > git show --textconv :03.js [6ms]
2022-12-17 11:17:23.421 [info] > git ls-files --stage -- /home/paolo/soyHenry/henryChallengue/2022-12-17-yaaaps/03.js [1ms]
2022-12-17 11:17:23.426 [info] > git cat-file -s 04579908cda90e165ae6b0b7e23d466ab7fb4206 [1ms]
2022-12-17 11:17:29.956 [info] > git show --textconv :09.js [6ms]
2022-12-17 11:17:29.956 [info] > git ls-files --stage -- /home/paolo/soyHenry/henryChallengue/2022-12-17-yaaaps/09.js [1ms]
2022-12-17 11:17:29.962 [info] > git cat-file -s 91b0acc51ab33aa2ac55dae70177d434dcbce5e8 [1ms]
2022-12-17 11:17:51.404 [info] > git show --textconv :03.js [5ms]
2022-12-17 11:17:51.405 [info] > git ls-files --stage -- /home/paolo/soyHenry/henryChallengue/2022-12-17-yaaaps/03.js [1ms]
2022-12-17 11:17:51.410 [info] > git cat-file -s 04579908cda90e165ae6b0b7e23d466ab7fb4206 [1ms]
2022-12-17 13:27:55.680 [info] > git config --get commit.template [10ms]
2022-12-17 13:27:55.681 [info] > git for-each-ref --format=%(refname)%00%(upstream:short)%00%(objectname)%00%(upstream:track)%00%(upstream:remotename)%00%(upstream:remoteref) refs/heads/main refs/remotes/main [5ms]
2022-12-17 13:27:55.691 [info] > git status -z -uall [5ms]
2022-12-17 13:27:55.693 [info] > git for-each-ref --sort -committerdate --format %(refname) %(objectname) %(*objectname) [1ms]
2022-12-17 13:27:55.732 [info] > git ls-files --stage -- /home/paolo/soyHenry/henryChallengue/2022-12-17-yaaaps/02.js [7ms]
2022-12-17 13:27:55.738 [info] > git ls-files --stage -- /home/paolo/soyHenry/henryChallengue/2022-12-17-yaaaps/prueba.js [19ms]
2022-12-17 13:27:55.747 [info] > git ls-files --stage -- /home/paolo/soyHenry/henryChallengue/2022-12-17-yaaaps/01.js [29ms]
2022-12-17 13:27:55.760 [info] > git cat-file -s 775af81de72ec9508bafdb8401e155aa112d656d [16ms]
2022-12-17 13:27:55.760 [info] > git cat-file -s 407135087ff11012e3779bf98d77ce2fe99e4f81 [23ms]
2022-12-17 13:27:55.761 [info] > git ls-files --stage -- /home/paolo/soyHenry/henryChallengue/2022-12-17-yaaaps/03.js [30ms]
2022-12-17 13:27:55.767 [info] > git cat-file -s 04579908cda90e165ae6b0b7e23d466ab7fb4206 [1ms]
2022-12-17 13:27:55.767 [info] > git cat-file -s 7be9f1c1adca3f0a778276af0d94f339f16b23a9 [9ms]
2022-12-17 13:27:55.849 [info] > git show --textconv :prueba.js [35ms]
2022-12-17 13:27:55.849 [info] > git show --textconv :02.js [31ms]
2022-12-17 13:27:55.849 [info] > git show --textconv :03.js [20ms]
2022-12-17 13:27:55.849 [info] > git show --textconv :01.js [0ms]
