2022-12-14 19:23:15.039 [info] Log level: Info
2022-12-14 19:23:15.039 [info] Validating found git in: "git"
2022-12-14 19:23:15.039 [info] Using git "2.25.1" from "git"
2022-12-14 19:23:15.049 [info] > git rev-parse --show-toplevel [86ms]
2022-12-14 19:23:15.056 [info] > git rev-parse --git-dir --git-common-dir [2ms]
2022-12-14 19:23:15.069 [info] Open repository: /home/paolo/develop/cursodeintroduccionareact
2022-12-14 19:23:15.084 [info] > git rev-parse --show-toplevel [10ms]
2022-12-14 19:23:15.105 [info] > git config --get commit.template [20ms]
2022-12-14 19:23:15.109 [info] > git rev-parse --show-toplevel [16ms]
2022-12-14 19:23:15.127 [warning] No remotes found in the git config file.
2022-12-14 19:23:15.128 [info] > git remote --verbose [2ms]
2022-12-14 19:23:15.129 [info] > git for-each-ref --format=%(refname)%00%(upstream:short)%00%(objectname)%00%(upstream:track)%00%(upstream:remotename)%00%(upstream:remoteref) refs/heads/master refs/remotes/master [9ms]
2022-12-14 19:23:15.140 [info] > git rev-parse --show-toplevel [25ms]
2022-12-14 19:23:15.152 [info] > git status -z -uall [18ms]
2022-12-14 19:23:15.152 [info] > git for-each-ref --sort -committerdate --format %(refname) %(objectname) %(*objectname) [13ms]
2022-12-14 19:23:15.201 [info] > git config --get commit.template [6ms]
2022-12-14 19:23:15.220 [warning] No remotes found in the git config file.
2022-12-14 19:23:15.222 [info] > git remote --verbose [2ms]
2022-12-14 19:23:15.223 [info] > git for-each-ref --format=%(refname)%00%(upstream:short)%00%(objectname)%00%(upstream:track)%00%(upstream:remotename)%00%(upstream:remoteref) refs/heads/master refs/remotes/master [8ms]
2022-12-14 19:23:15.237 [info] > git status -z -uall [6ms]
2022-12-14 19:23:15.237 [info] > git for-each-ref --sort -committerdate --format %(refname) %(objectname) %(*objectname) [2ms]
2022-12-14 19:23:15.667 [info] > git check-ignore -v -z --stdin [47ms]
2022-12-14 19:23:15.682 [info] > git show --textconv :src/CreateTodoButton.js [7ms]
2022-12-14 19:23:15.682 [info] > git ls-files --stage -- /home/paolo/develop/cursodeintroduccionareact/src/CreateTodoButton.js [2ms]
2022-12-14 19:46:59.259 [info] > git show --textconv :src/TodoItem.js [12ms]
2022-12-14 19:46:59.260 [info] > git ls-files --stage -- /home/paolo/develop/cursodeintroduccionareact/src/TodoItem.js [6ms]
2022-12-14 19:49:53.420 [info] > git config --get commit.template [1ms]
2022-12-14 19:49:53.429 [warning] No remotes found in the git config file.
2022-12-14 19:49:53.430 [info] > git for-each-ref --format=%(refname)%00%(upstream:short)%00%(objectname)%00%(upstream:track)%00%(upstream:remotename)%00%(upstream:remoteref) refs/heads/master refs/remotes/master [5ms]
2022-12-14 19:49:53.430 [info] > git remote --verbose [1ms]
2022-12-14 19:49:53.442 [info] > git status -z -uall [4ms]
2022-12-14 19:49:53.443 [info] > git for-each-ref --sort -committerdate --format %(refname) %(objectname) %(*objectname) [2ms]
2022-12-14 19:49:55.075 [info] > git show --textconv :src/App.js [5ms]
2022-12-14 19:49:55.076 [info] > git ls-files --stage -- /home/paolo/develop/cursodeintroduccionareact/src/App.js [2ms]
2022-12-14 19:50:47.909 [warning] No remotes found in the git config file.
2022-12-14 19:50:47.910 [info] > git config --get commit.template [10ms]
2022-12-14 19:50:47.911 [info] > git remote --verbose [1ms]
2022-12-14 19:50:47.911 [info] > git for-each-ref --format=%(refname)%00%(upstream:short)%00%(objectname)%00%(upstream:track)%00%(upstream:remotename)%00%(upstream:remoteref) refs/heads/master refs/remotes/master [7ms]
2022-12-14 19:50:47.921 [info] > git status -z -uall [5ms]
2022-12-14 19:50:47.922 [info] > git for-each-ref --sort -committerdate --format %(refname) %(objectname) %(*objectname) [2ms]
2022-12-14 19:52:54.364 [warning] No remotes found in the git config file.
2022-12-14 19:52:54.365 [info] > git config --get commit.template [9ms]
2022-12-14 19:52:54.365 [info] > git remote --verbose [1ms]
2022-12-14 19:52:54.365 [info] > git for-each-ref --format=%(refname)%00%(upstream:short)%00%(objectname)%00%(upstream:track)%00%(upstream:remotename)%00%(upstream:remoteref) refs/heads/master refs/remotes/master [5ms]
2022-12-14 19:52:54.374 [info] > git status -z -uall [4ms]
2022-12-14 19:52:54.374 [info] > git for-each-ref --sort -committerdate --format %(refname) %(objectname) %(*objectname) [1ms]
