2022-12-08 12:21:36.443 [info] Log level: Info
2022-12-08 12:21:36.444 [info] Validating found git in: "git"
2022-12-08 12:21:36.444 [info] Using git "2.25.1" from "git"
2022-12-08 12:21:36.444 [info] > git rev-parse --show-toplevel [52ms]
2022-12-08 12:21:36.456 [info] > git rev-parse --git-dir --git-common-dir [23ms]
2022-12-08 12:21:36.482 [info] Open repository: /home/paolo/develop/cursodeintroduccionareact
2022-12-08 12:21:36.509 [info] > git rev-parse --show-toplevel [16ms]
2022-12-08 12:21:36.547 [info] > git rev-parse --show-toplevel [14ms]
2022-12-08 12:21:36.555 [info] > git config --get commit.template [47ms]
2022-12-08 12:21:36.575 [warning] No remotes found in the git config file.
2022-12-08 12:21:36.578 [info] > git remote --verbose [3ms]
2022-12-08 12:21:36.578 [info] > git for-each-ref --format=%(refname)%00%(upstream:short)%00%(objectname)%00%(upstream:track)%00%(upstream:remotename)%00%(upstream:remoteref) refs/heads/master refs/remotes/master [13ms]
2022-12-08 12:21:36.593 [info] > git rev-parse --show-toplevel [39ms]
2022-12-08 12:21:36.601 [info] > git status -z -uall [14ms]
2022-12-08 12:21:36.602 [info] > git for-each-ref --sort -committerdate --format %(refname) %(objectname) %(*objectname) [10ms]
2022-12-08 12:21:36.627 [info] > git config --get commit.template [1ms]
2022-12-08 12:21:36.641 [warning] No remotes found in the git config file.
2022-12-08 12:21:36.642 [info] > git for-each-ref --format=%(refname)%00%(upstream:short)%00%(objectname)%00%(upstream:track)%00%(upstream:remotename)%00%(upstream:remoteref) refs/heads/master refs/remotes/master [5ms]
2022-12-08 12:21:36.643 [info] > git remote --verbose [1ms]
2022-12-08 12:21:36.652 [info] > git status -z -uall [5ms]
2022-12-08 12:21:36.653 [info] > git for-each-ref --sort -committerdate --format %(refname) %(objectname) %(*objectname) [1ms]
2022-12-08 12:21:37.046 [info] > git check-ignore -v -z --stdin [1ms]
2022-12-08 12:21:37.061 [info] > git show --textconv :src/App.js [5ms]
2022-12-08 12:21:37.062 [info] > git ls-files --stage -- /home/paolo/develop/cursodeintroduccionareact/src/App.js [2ms]
2022-12-08 12:47:35.901 [info] > git config --get commit.template [2ms]
2022-12-08 12:47:35.910 [warning] No remotes found in the git config file.
2022-12-08 12:47:35.910 [info] > git for-each-ref --format=%(refname)%00%(upstream:short)%00%(objectname)%00%(upstream:track)%00%(upstream:remotename)%00%(upstream:remoteref) refs/heads/master refs/remotes/master [5ms]
2022-12-08 12:47:35.911 [info] > git remote --verbose [2ms]
2022-12-08 12:47:35.920 [info] > git status -z -uall [5ms]
2022-12-08 12:47:35.921 [info] > git for-each-ref --sort -committerdate --format %(refname) %(objectname) %(*objectname) [2ms]
2022-12-08 12:48:26.124 [info] > git config --get commit.template [2ms]
2022-12-08 12:48:26.132 [warning] No remotes found in the git config file.
2022-12-08 12:48:26.133 [info] > git for-each-ref --format=%(refname)%00%(upstream:short)%00%(objectname)%00%(upstream:track)%00%(upstream:remotename)%00%(upstream:remoteref) refs/heads/master refs/remotes/master [4ms]
2022-12-08 12:48:26.133 [info] > git remote --verbose [1ms]
2022-12-08 12:48:26.141 [info] > git status -z -uall [3ms]
2022-12-08 12:48:26.141 [info] > git for-each-ref --sort -committerdate --format %(refname) %(objectname) %(*objectname) [1ms]
2022-12-08 20:44:35.832 [warning] No remotes found in the git config file.
2022-12-08 20:44:35.841 [info] > git remote --verbose [9ms]
2022-12-08 20:44:35.842 [info] > git config --get commit.template [16ms]
2022-12-08 20:44:35.842 [info] > git for-each-ref --format=%(refname)%00%(upstream:short)%00%(objectname)%00%(upstream:track)%00%(upstream:remotename)%00%(upstream:remoteref) refs/heads/master refs/remotes/master [3ms]
2022-12-08 20:44:35.853 [info] > git status -z -uall [6ms]
2022-12-08 20:44:35.854 [info] > git for-each-ref --sort -committerdate --format %(refname) %(objectname) %(*objectname) [1ms]
2022-12-08 21:03:10.732 [info] > git config --get commit.template [2ms]
2022-12-08 21:03:10.743 [warning] No remotes found in the git config file.
2022-12-08 21:03:10.744 [info] > git remote --verbose [1ms]
2022-12-08 21:03:10.745 [info] > git for-each-ref --format=%(refname)%00%(upstream:short)%00%(objectname)%00%(upstream:track)%00%(upstream:remotename)%00%(upstream:remoteref) refs/heads/master refs/remotes/master [7ms]
2022-12-08 21:03:10.756 [info] > git status -z -uall [5ms]
2022-12-08 21:03:10.757 [info] > git for-each-ref --sort -committerdate --format %(refname) %(objectname) %(*objectname) [1ms]
2022-12-08 21:03:39.490 [info] > git config --get commit.template [6ms]
2022-12-08 21:03:39.496 [warning] No remotes found in the git config file.
2022-12-08 21:03:39.497 [info] > git for-each-ref --format=%(refname)%00%(upstream:short)%00%(objectname)%00%(upstream:track)%00%(upstream:remotename)%00%(upstream:remoteref) refs/heads/master refs/remotes/master [8ms]
2022-12-08 21:03:39.498 [info] > git remote --verbose [3ms]
2022-12-08 21:03:39.506 [info] > git status -z -uall [5ms]
2022-12-08 21:03:39.507 [info] > git for-each-ref --sort -committerdate --format %(refname) %(objectname) %(*objectname) [1ms]
2022-12-08 21:08:09.239 [info] > git config --get commit.template [1ms]
2022-12-08 21:08:09.249 [warning] No remotes found in the git config file.
2022-12-08 21:08:09.250 [info] > git remote --verbose [1ms]
2022-12-08 21:08:09.250 [info] > git for-each-ref --format=%(refname)%00%(upstream:short)%00%(objectname)%00%(upstream:track)%00%(upstream:remotename)%00%(upstream:remoteref) refs/heads/master refs/remotes/master [6ms]
2022-12-08 21:08:09.261 [info] > git status -z -uall [6ms]
2022-12-08 21:08:09.262 [info] > git for-each-ref --sort -committerdate --format %(refname) %(objectname) %(*objectname) [2ms]
2022-12-08 21:26:45.597 [info] > git config --get commit.template [1ms]
2022-12-08 21:26:45.610 [warning] No remotes found in the git config file.
2022-12-08 21:26:45.610 [info] > git remote --verbose [1ms]
2022-12-08 21:26:45.610 [info] > git for-each-ref --format=%(refname)%00%(upstream:short)%00%(objectname)%00%(upstream:track)%00%(upstream:remotename)%00%(upstream:remoteref) refs/heads/master refs/remotes/master [8ms]
2022-12-08 21:26:45.625 [info] > git status -z -uall [8ms]
2022-12-08 21:26:45.625 [info] > git for-each-ref --sort -committerdate --format %(refname) %(objectname) %(*objectname) [1ms]
2022-12-08 21:26:57.686 [info] > git show --textconv :src/TodoCounter.js [6ms]
2022-12-08 21:26:57.687 [info] > git ls-files --stage -- /home/paolo/develop/cursodeintroduccionareact/src/TodoCounter.js [2ms]
2022-12-08 21:26:57.920 [info] > git check-ignore -v -z --stdin [2ms]
2022-12-08 21:26:58.439 [warning] No remotes found in the git config file.
2022-12-08 21:26:58.440 [info] > git config --get commit.template [11ms]
2022-12-08 21:26:58.441 [info] > git remote --verbose [1ms]
2022-12-08 21:26:58.441 [info] > git for-each-ref --format=%(refname)%00%(upstream:short)%00%(objectname)%00%(upstream:track)%00%(upstream:remotename)%00%(upstream:remoteref) refs/heads/master refs/remotes/master [6ms]
2022-12-08 21:26:58.449 [info] > git status -z -uall [4ms]
2022-12-08 21:26:58.451 [info] > git for-each-ref --sort -committerdate --format %(refname) %(objectname) %(*objectname) [1ms]
2022-12-08 21:36:47.616 [info] > git config --get commit.template [27ms]
2022-12-08 21:36:47.644 [warning] No remotes found in the git config file.
2022-12-08 21:36:47.644 [info] > git for-each-ref --format=%(refname)%00%(upstream:short)%00%(objectname)%00%(upstream:track)%00%(upstream:remotename)%00%(upstream:remoteref) refs/heads/master refs/remotes/master [11ms]
2022-12-08 21:36:47.645 [info] > git remote --verbose [2ms]
2022-12-08 21:36:47.686 [info] > git status -z -uall [21ms]
2022-12-08 21:36:47.688 [info] > git for-each-ref --sort -committerdate --format %(refname) %(objectname) %(*objectname) [3ms]
2022-12-08 21:37:29.952 [info] > git config --get commit.template [7ms]
2022-12-08 21:37:29.959 [warning] No remotes found in the git config file.
2022-12-08 21:37:29.960 [info] > git for-each-ref --format=%(refname)%00%(upstream:short)%00%(objectname)%00%(upstream:track)%00%(upstream:remotename)%00%(upstream:remoteref) refs/heads/master refs/remotes/master [14ms]
2022-12-08 21:37:29.967 [info] > git remote --verbose [8ms]
2022-12-08 21:37:29.988 [info] > git status -z -uall [15ms]
2022-12-08 21:37:29.990 [info] > git for-each-ref --sort -committerdate --format %(refname) %(objectname) %(*objectname) [4ms]
2022-12-08 21:42:32.895 [info] > git config --get commit.template [1ms]
2022-12-08 21:42:32.921 [warning] No remotes found in the git config file.
2022-12-08 21:42:32.921 [info] > git for-each-ref --format=%(refname)%00%(upstream:short)%00%(objectname)%00%(upstream:track)%00%(upstream:remotename)%00%(upstream:remoteref) refs/heads/master refs/remotes/master [6ms]
2022-12-08 21:42:32.922 [info] > git remote --verbose [2ms]
2022-12-08 21:42:32.940 [info] > git status -z -uall [7ms]
2022-12-08 21:42:32.941 [info] > git for-each-ref --sort -committerdate --format %(refname) %(objectname) %(*objectname) [2ms]
2022-12-08 21:42:36.039 [info] > git show --textconv :src/App.js [7ms]
2022-12-08 21:42:36.041 [info] > git ls-files --stage -- /home/paolo/develop/cursodeintroduccionareact/src/App.js [3ms]
2022-12-08 21:42:44.963 [info] > git config --get commit.template [1ms]
2022-12-08 21:42:44.972 [warning] No remotes found in the git config file.
2022-12-08 21:42:44.973 [info] > git for-each-ref --format=%(refname)%00%(upstream:short)%00%(objectname)%00%(upstream:track)%00%(upstream:remotename)%00%(upstream:remoteref) refs/heads/master refs/remotes/master [5ms]
2022-12-08 21:42:44.973 [info] > git remote --verbose [1ms]
2022-12-08 21:42:44.984 [info] > git status -z -uall [6ms]
2022-12-08 21:42:44.984 [info] > git for-each-ref --sort -committerdate --format %(refname) %(objectname) %(*objectname) [1ms]
2022-12-08 21:57:38.384 [info] > git show --textconv :src/TodoCounter.js [6ms]
2022-12-08 21:57:38.387 [info] > git ls-files --stage -- /home/paolo/develop/cursodeintroduccionareact/src/TodoCounter.js [3ms]
2022-12-08 21:58:18.117 [info] > git config --get commit.template [1ms]
2022-12-08 21:58:18.130 [warning] No remotes found in the git config file.
2022-12-08 21:58:18.130 [info] > git remote --verbose [1ms]
2022-12-08 21:58:18.130 [info] > git for-each-ref --format=%(refname)%00%(upstream:short)%00%(objectname)%00%(upstream:track)%00%(upstream:remotename)%00%(upstream:remoteref) refs/heads/master refs/remotes/master [6ms]
2022-12-08 21:58:18.142 [info] > git status -z -uall [7ms]
2022-12-08 21:58:18.143 [info] > git for-each-ref --sort -committerdate --format %(refname) %(objectname) %(*objectname) [2ms]
2022-12-08 21:58:19.695 [info] > git show --textconv :src/App.js [8ms]
2022-12-08 21:58:19.696 [info] > git ls-files --stage -- /home/paolo/develop/cursodeintroduccionareact/src/App.js [2ms]
2022-12-08 22:08:28.201 [info] > git config --get commit.template [1ms]
2022-12-08 22:08:28.213 [warning] No remotes found in the git config file.
2022-12-08 22:08:28.213 [info] > git remote --verbose [0ms]
2022-12-08 22:08:28.213 [info] > git for-each-ref --format=%(refname)%00%(upstream:short)%00%(objectname)%00%(upstream:track)%00%(upstream:remotename)%00%(upstream:remoteref) refs/heads/master refs/remotes/master [6ms]
2022-12-08 22:08:28.225 [info] > git status -z -uall [7ms]
2022-12-08 22:08:28.225 [info] > git for-each-ref --sort -committerdate --format %(refname) %(objectname) %(*objectname) [1ms]
2022-12-09 01:10:44.399 [info] > git config --get commit.template [2ms]
2022-12-09 01:10:44.432 [warning] No remotes found in the git config file.
2022-12-09 01:10:44.433 [info] > git for-each-ref --format=%(refname)%00%(upstream:short)%00%(objectname)%00%(upstream:track)%00%(upstream:remotename)%00%(upstream:remoteref) refs/heads/master refs/remotes/master [26ms]
2022-12-09 01:10:44.433 [info] > git remote --verbose [2ms]
2022-12-09 01:10:44.456 [info] > git status -z -uall [14ms]
2022-12-09 01:10:44.457 [info] > git for-each-ref --sort -committerdate --format %(refname) %(objectname) %(*objectname) [2ms]
2022-12-09 01:13:20.972 [warning] No remotes found in the git config file.
2022-12-09 01:13:20.973 [info] > git config --get commit.template [13ms]
2022-12-09 01:13:20.974 [info] > git remote --verbose [3ms]
2022-12-09 01:13:20.974 [info] > git for-each-ref --format=%(refname)%00%(upstream:short)%00%(objectname)%00%(upstream:track)%00%(upstream:remotename)%00%(upstream:remoteref) refs/heads/master refs/remotes/master [7ms]
2022-12-09 01:13:20.985 [info] > git status -z -uall [6ms]
2022-12-09 01:13:20.986 [info] > git for-each-ref --sort -committerdate --format %(refname) %(objectname) %(*objectname) [1ms]
2022-12-09 01:13:30.861 [info] > git show --textconv :src/TodoSearch.js [6ms]
2022-12-09 01:13:30.864 [info] > git ls-files --stage -- /home/paolo/develop/cursodeintroduccionareact/src/TodoSearch.js [4ms]
2022-12-09 01:13:31.103 [info] > git check-ignore -v -z --stdin [1ms]
2022-12-09 01:13:31.616 [info] > git config --get commit.template [7ms]
2022-12-09 01:13:31.621 [warning] No remotes found in the git config file.
2022-12-09 01:13:31.621 [info] > git for-each-ref --format=%(refname)%00%(upstream:short)%00%(objectname)%00%(upstream:track)%00%(upstream:remotename)%00%(upstream:remoteref) refs/heads/master refs/remotes/master [6ms]
2022-12-09 01:13:31.621 [info] > git remote --verbose [1ms]
2022-12-09 01:13:31.631 [info] > git status -z -uall [5ms]
2022-12-09 01:13:31.632 [info] > git for-each-ref --sort -committerdate --format %(refname) %(objectname) %(*objectname) [1ms]
2022-12-09 01:14:27.918 [info] > git config --get commit.template [15ms]
2022-12-09 01:14:27.934 [warning] No remotes found in the git config file.
2022-12-09 01:14:27.935 [info] > git for-each-ref --format=%(refname)%00%(upstream:short)%00%(objectname)%00%(upstream:track)%00%(upstream:remotename)%00%(upstream:remoteref) refs/heads/master refs/remotes/master [6ms]
2022-12-09 01:14:27.935 [info] > git remote --verbose [1ms]
2022-12-09 01:14:27.945 [info] > git status -z -uall [5ms]
2022-12-09 01:14:27.946 [info] > git for-each-ref --sort -committerdate --format %(refname) %(objectname) %(*objectname) [2ms]
2022-12-09 01:22:24.326 [info] > git show --textconv :src/TodoItem.js [5ms]
2022-12-09 01:22:24.328 [info] > git ls-files --stage -- /home/paolo/develop/cursodeintroduccionareact/src/TodoItem.js [3ms]
2022-12-09 01:22:24.577 [info] > git check-ignore -v -z --stdin [0ms]
2022-12-09 01:22:25.155 [info] > git config --get commit.template [7ms]
2022-12-09 01:22:25.160 [warning] No remotes found in the git config file.
2022-12-09 01:22:25.162 [info] > git for-each-ref --format=%(refname)%00%(upstream:short)%00%(objectname)%00%(upstream:track)%00%(upstream:remotename)%00%(upstream:remoteref) refs/heads/master refs/remotes/master [8ms]
2022-12-09 01:22:25.163 [info] > git remote --verbose [3ms]
2022-12-09 01:22:25.173 [info] > git status -z -uall [5ms]
2022-12-09 01:22:25.174 [info] > git for-each-ref --sort -committerdate --format %(refname) %(objectname) %(*objectname) [2ms]
2022-12-09 01:23:53.556 [info] > git config --get commit.template [3ms]
2022-12-09 01:23:53.566 [warning] No remotes found in the git config file.
2022-12-09 01:23:53.567 [info] > git for-each-ref --format=%(refname)%00%(upstream:short)%00%(objectname)%00%(upstream:track)%00%(upstream:remotename)%00%(upstream:remoteref) refs/heads/master refs/remotes/master [7ms]
2022-12-09 01:23:53.567 [info] > git remote --verbose [1ms]
2022-12-09 01:23:53.577 [info] > git status -z -uall [5ms]
2022-12-09 01:23:53.578 [info] > git for-each-ref --sort -committerdate --format %(refname) %(objectname) %(*objectname) [2ms]
2022-12-09 01:24:56.502 [info] > git show --textconv :src/App.js [7ms]
2022-12-09 01:24:56.503 [info] > git ls-files --stage -- /home/paolo/develop/cursodeintroduccionareact/src/App.js [1ms]
2022-12-09 01:25:34.823 [info] > git show --textconv :src/Todolist.js [12ms]
2022-12-09 01:25:34.825 [info] > git ls-files --stage -- /home/paolo/develop/cursodeintroduccionareact/src/Todolist.js [3ms]
2022-12-09 01:25:35.066 [info] > git check-ignore -v -z --stdin [1ms]
2022-12-09 01:26:14.946 [info] > git config --get commit.template [2ms]
2022-12-09 01:26:14.979 [warning] No remotes found in the git config file.
2022-12-09 01:26:14.980 [info] > git for-each-ref --format=%(refname)%00%(upstream:short)%00%(objectname)%00%(upstream:track)%00%(upstream:remotename)%00%(upstream:remoteref) refs/heads/master refs/remotes/master [16ms]
2022-12-09 01:26:14.981 [info] > git remote --verbose [2ms]
2022-12-09 01:26:15.001 [info] > git status -z -uall [13ms]
2022-12-09 01:26:15.004 [info] > git for-each-ref --sort -committerdate --format %(refname) %(objectname) %(*objectname) [3ms]
2022-12-09 01:26:25.903 [info] > git config --get commit.template [8ms]
2022-12-09 01:26:25.907 [warning] No remotes found in the git config file.
2022-12-09 01:26:25.908 [info] > git for-each-ref --format=%(refname)%00%(upstream:short)%00%(objectname)%00%(upstream:track)%00%(upstream:remotename)%00%(upstream:remoteref) refs/heads/master refs/remotes/master [7ms]
2022-12-09 01:26:25.908 [info] > git remote --verbose [1ms]
2022-12-09 01:26:25.918 [info] > git status -z -uall [6ms]
2022-12-09 01:26:25.919 [info] > git for-each-ref --sort -committerdate --format %(refname) %(objectname) %(*objectname) [1ms]
2022-12-09 01:26:35.870 [info] > git show --textconv :src/TodoList.js [7ms]
2022-12-09 01:26:35.872 [info] > git ls-files --stage -- /home/paolo/develop/cursodeintroduccionareact/src/TodoList.js [2ms]
2022-12-09 01:26:36.141 [info] > git check-ignore -v -z --stdin [0ms]
2022-12-09 01:26:36.642 [info] > git config --get commit.template [1ms]
2022-12-09 01:26:36.655 [warning] No remotes found in the git config file.
2022-12-09 01:26:36.656 [info] > git remote --verbose [0ms]
2022-12-09 01:26:36.656 [info] > git for-each-ref --format=%(refname)%00%(upstream:short)%00%(objectname)%00%(upstream:track)%00%(upstream:remotename)%00%(upstream:remoteref) refs/heads/master refs/remotes/master [7ms]
2022-12-09 01:26:36.666 [info] > git status -z -uall [5ms]
2022-12-09 01:26:36.667 [info] > git for-each-ref --sort -committerdate --format %(refname) %(objectname) %(*objectname) [1ms]
2022-12-09 01:27:48.638 [info] > git config --get commit.template [2ms]
2022-12-09 01:27:48.649 [warning] No remotes found in the git config file.
2022-12-09 01:27:48.649 [info] > git for-each-ref --format=%(refname)%00%(upstream:short)%00%(objectname)%00%(upstream:track)%00%(upstream:remotename)%00%(upstream:remoteref) refs/heads/master refs/remotes/master [6ms]
2022-12-09 01:27:48.650 [info] > git remote --verbose [2ms]
2022-12-09 01:27:48.660 [info] > git status -z -uall [5ms]
2022-12-09 01:27:48.661 [info] > git for-each-ref --sort -committerdate --format %(refname) %(objectname) %(*objectname) [2ms]
2022-12-09 01:28:24.794 [info] > git config --get commit.template [2ms]
2022-12-09 01:28:24.817 [warning] No remotes found in the git config file.
2022-12-09 01:28:24.823 [info] > git remote --verbose [6ms]
2022-12-09 01:28:24.824 [info] > git for-each-ref --format=%(refname)%00%(upstream:short)%00%(objectname)%00%(upstream:track)%00%(upstream:remotename)%00%(upstream:remoteref) refs/heads/master refs/remotes/master [16ms]
2022-12-09 01:28:24.835 [info] > git status -z -uall [5ms]
2022-12-09 01:28:24.836 [info] > git for-each-ref --sort -committerdate --format %(refname) %(objectname) %(*objectname) [2ms]
2022-12-09 01:29:01.000 [warning] No remotes found in the git config file.
2022-12-09 01:29:01.002 [info] > git config --get commit.template [12ms]
2022-12-09 01:29:01.002 [info] > git remote --verbose [2ms]
2022-12-09 01:29:01.002 [info] > git for-each-ref --format=%(refname)%00%(upstream:short)%00%(objectname)%00%(upstream:track)%00%(upstream:remotename)%00%(upstream:remoteref) refs/heads/master refs/remotes/master [6ms]
2022-12-09 01:29:01.013 [info] > git status -z -uall [5ms]
2022-12-09 01:29:01.014 [info] > git for-each-ref --sort -committerdate --format %(refname) %(objectname) %(*objectname) [2ms]
2022-12-09 01:30:21.066 [info] > git config --get commit.template [2ms]
2022-12-09 01:30:21.079 [warning] No remotes found in the git config file.
2022-12-09 01:30:21.079 [info] > git for-each-ref --format=%(refname)%00%(upstream:short)%00%(objectname)%00%(upstream:track)%00%(upstream:remotename)%00%(upstream:remoteref) refs/heads/master refs/remotes/master [7ms]
2022-12-09 01:30:21.080 [info] > git remote --verbose [1ms]
2022-12-09 01:30:21.092 [info] > git status -z -uall [7ms]
2022-12-09 01:30:21.093 [info] > git for-each-ref --sort -committerdate --format %(refname) %(objectname) %(*objectname) [2ms]
2022-12-09 01:30:34.791 [warning] No remotes found in the git config file.
2022-12-09 01:30:34.794 [info] > git config --get commit.template [15ms]
2022-12-09 01:30:34.795 [info] > git remote --verbose [5ms]
2022-12-09 01:30:34.795 [info] > git for-each-ref --format=%(refname)%00%(upstream:short)%00%(objectname)%00%(upstream:track)%00%(upstream:remotename)%00%(upstream:remoteref) refs/heads/master refs/remotes/master [11ms]
2022-12-09 01:30:34.816 [info] > git status -z -uall [6ms]
2022-12-09 01:30:34.817 [info] > git for-each-ref --sort -committerdate --format %(refname) %(objectname) %(*objectname) [2ms]
2022-12-09 01:30:57.111 [warning] No remotes found in the git config file.
2022-12-09 01:30:57.112 [info] > git config --get commit.template [26ms]
2022-12-09 01:30:57.112 [info] > git remote --verbose [2ms]
2022-12-09 01:30:57.113 [info] > git for-each-ref --format=%(refname)%00%(upstream:short)%00%(objectname)%00%(upstream:track)%00%(upstream:remotename)%00%(upstream:remoteref) refs/heads/master refs/remotes/master [15ms]
2022-12-09 01:30:57.125 [info] > git status -z -uall [6ms]
2022-12-09 01:30:57.126 [info] > git for-each-ref --sort -committerdate --format %(refname) %(objectname) %(*objectname) [2ms]
2022-12-09 01:31:11.297 [info] > git show --textconv :src/TodoSearch.js [7ms]
2022-12-09 01:31:11.297 [info] > git ls-files --stage -- /home/paolo/develop/cursodeintroduccionareact/src/TodoSearch.js [1ms]
2022-12-09 01:31:15.575 [info] > git config --get commit.template [6ms]
2022-12-09 01:31:15.580 [warning] No remotes found in the git config file.
2022-12-09 01:31:15.581 [info] > git for-each-ref --format=%(refname)%00%(upstream:short)%00%(objectname)%00%(upstream:track)%00%(upstream:remotename)%00%(upstream:remoteref) refs/heads/master refs/remotes/master [6ms]
2022-12-09 01:31:15.582 [info] > git remote --verbose [2ms]
2022-12-09 01:31:15.592 [info] > git status -z -uall [5ms]
2022-12-09 01:31:15.593 [info] > git for-each-ref --sort -committerdate --format %(refname) %(objectname) %(*objectname) [2ms]
2022-12-09 01:31:32.386 [info] > git config --get commit.template [13ms]
2022-12-09 01:31:32.392 [warning] No remotes found in the git config file.
2022-12-09 01:31:32.397 [info] > git for-each-ref --format=%(refname)%00%(upstream:short)%00%(objectname)%00%(upstream:track)%00%(upstream:remotename)%00%(upstream:remoteref) refs/heads/master refs/remotes/master [12ms]
2022-12-09 01:31:32.399 [info] > git remote --verbose [6ms]
2022-12-09 01:31:32.413 [info] > git status -z -uall [9ms]
2022-12-09 01:31:32.413 [info] > git for-each-ref --sort -committerdate --format %(refname) %(objectname) %(*objectname) [1ms]
2022-12-09 01:32:22.117 [info] > git show --textconv :src/CreateTodoButton.js [9ms]
2022-12-09 01:32:22.119 [info] > git ls-files --stage -- /home/paolo/develop/cursodeintroduccionareact/src/CreateTodoButton.js [2ms]
2022-12-09 01:32:22.357 [info] > git check-ignore -v -z --stdin [1ms]
2022-12-09 01:32:22.872 [info] > git config --get commit.template [2ms]
2022-12-09 01:32:22.883 [warning] No remotes found in the git config file.
2022-12-09 01:32:22.884 [info] > git for-each-ref --format=%(refname)%00%(upstream:short)%00%(objectname)%00%(upstream:track)%00%(upstream:remotename)%00%(upstream:remoteref) refs/heads/master refs/remotes/master [6ms]
2022-12-09 01:32:22.885 [info] > git remote --verbose [1ms]
2022-12-09 01:32:22.895 [info] > git status -z -uall [6ms]
2022-12-09 01:32:22.897 [info] > git for-each-ref --sort -committerdate --format %(refname) %(objectname) %(*objectname) [3ms]
2022-12-09 01:32:46.220 [info] > git config --get commit.template [1ms]
2022-12-09 01:32:46.234 [warning] No remotes found in the git config file.
2022-12-09 01:32:46.238 [info] > git for-each-ref --format=%(refname)%00%(upstream:short)%00%(objectname)%00%(upstream:track)%00%(upstream:remotename)%00%(upstream:remoteref) refs/heads/master refs/remotes/master [13ms]
2022-12-09 01:32:46.240 [info] > git remote --verbose [6ms]
2022-12-09 01:32:46.260 [info] > git status -z -uall [13ms]
2022-12-09 01:32:46.261 [info] > git for-each-ref --sort -committerdate --format %(refname) %(objectname) %(*objectname) [3ms]
2022-12-09 01:32:51.939 [info] > git config --get commit.template [1ms]
2022-12-09 01:32:51.962 [warning] No remotes found in the git config file.
2022-12-09 01:32:51.965 [info] > git remote --verbose [3ms]
2022-12-09 01:32:51.965 [info] > git for-each-ref --format=%(refname)%00%(upstream:short)%00%(objectname)%00%(upstream:track)%00%(upstream:remotename)%00%(upstream:remoteref) refs/heads/master refs/remotes/master [12ms]
2022-12-09 01:32:51.981 [info] > git status -z -uall [11ms]
2022-12-09 01:32:51.982 [info] > git for-each-ref --sort -committerdate --format %(refname) %(objectname) %(*objectname) [8ms]
2022-12-09 01:33:07.406 [info] > git config --get commit.template [0ms]
2022-12-09 01:33:07.431 [warning] No remotes found in the git config file.
2022-12-09 01:33:07.432 [info] > git for-each-ref --format=%(refname)%00%(upstream:short)%00%(objectname)%00%(upstream:track)%00%(upstream:remotename)%00%(upstream:remoteref) refs/heads/master refs/remotes/master [19ms]
2022-12-09 01:33:07.432 [info] > git remote --verbose [1ms]
2022-12-09 01:33:07.445 [info] > git status -z -uall [6ms]
2022-12-09 01:33:07.446 [info] > git for-each-ref --sort -committerdate --format %(refname) %(objectname) %(*objectname) [2ms]
2022-12-09 01:33:12.458 [info] > git config --get commit.template [1ms]
2022-12-09 01:33:12.475 [warning] No remotes found in the git config file.
2022-12-09 01:33:12.476 [info] > git for-each-ref --format=%(refname)%00%(upstream:short)%00%(objectname)%00%(upstream:track)%00%(upstream:remotename)%00%(upstream:remoteref) refs/heads/master refs/remotes/master [7ms]
2022-12-09 01:33:12.476 [info] > git remote --verbose [1ms]
2022-12-09 01:33:12.494 [info] > git status -z -uall [10ms]
2022-12-09 01:33:12.496 [info] > git for-each-ref --sort -committerdate --format %(refname) %(objectname) %(*objectname) [6ms]
2022-12-09 01:33:22.942 [warning] No remotes found in the git config file.
2022-12-09 01:33:22.944 [info] > git config --get commit.template [17ms]
2022-12-09 01:33:22.944 [info] > git remote --verbose [2ms]
2022-12-09 01:33:22.945 [info] > git for-each-ref --format=%(refname)%00%(upstream:short)%00%(objectname)%00%(upstream:track)%00%(upstream:remotename)%00%(upstream:remoteref) refs/heads/master refs/remotes/master [8ms]
2022-12-09 01:33:22.968 [info] > git status -z -uall [11ms]
2022-12-09 01:33:22.969 [info] > git for-each-ref --sort -committerdate --format %(refname) %(objectname) %(*objectname) [0ms]
2022-12-09 01:35:39.993 [warning] No remotes found in the git config file.
2022-12-09 01:35:39.997 [info] > git config --get commit.template [22ms]
2022-12-09 01:35:39.998 [info] > git for-each-ref --format=%(refname)%00%(upstream:short)%00%(objectname)%00%(upstream:track)%00%(upstream:remotename)%00%(upstream:remoteref) refs/heads/master refs/remotes/master [11ms]
2022-12-09 01:35:40.000 [info] > git remote --verbose [7ms]
2022-12-09 01:35:40.019 [info] > git status -z -uall [11ms]
2022-12-09 01:35:40.020 [info] > git for-each-ref --sort -committerdate --format %(refname) %(objectname) %(*objectname) [3ms]
2022-12-09 01:35:58.833 [warning] No remotes found in the git config file.
2022-12-09 01:35:58.834 [info] > git for-each-ref --format=%(refname)%00%(upstream:short)%00%(objectname)%00%(upstream:track)%00%(upstream:remotename)%00%(upstream:remoteref) refs/heads/master refs/remotes/master [10ms]
2022-12-09 01:35:58.835 [info] > git config --get commit.template [16ms]
2022-12-09 01:35:58.835 [info] > git remote --verbose [2ms]
2022-12-09 01:35:58.847 [info] > git status -z -uall [7ms]
2022-12-09 01:35:58.848 [info] > git for-each-ref --sort -committerdate --format %(refname) %(objectname) %(*objectname) [1ms]
2022-12-09 01:36:03.870 [warning] No remotes found in the git config file.
2022-12-09 01:36:03.871 [info] > git config --get commit.template [12ms]
2022-12-09 01:36:03.871 [info] > git remote --verbose [2ms]
2022-12-09 01:36:03.871 [info] > git for-each-ref --format=%(refname)%00%(upstream:short)%00%(objectname)%00%(upstream:track)%00%(upstream:remotename)%00%(upstream:remoteref) refs/heads/master refs/remotes/master [7ms]
2022-12-09 01:36:03.880 [info] > git status -z -uall [4ms]
2022-12-09 01:36:03.881 [info] > git for-each-ref --sort -committerdate --format %(refname) %(objectname) %(*objectname) [1ms]
2022-12-09 01:38:49.393 [warning] No remotes found in the git config file.
2022-12-09 01:38:49.395 [info] > git config --get commit.template [17ms]
2022-12-09 01:38:49.395 [info] > git remote --verbose [3ms]
2022-12-09 01:38:49.395 [info] > git for-each-ref --format=%(refname)%00%(upstream:short)%00%(objectname)%00%(upstream:track)%00%(upstream:remotename)%00%(upstream:remoteref) refs/heads/master refs/remotes/master [13ms]
2022-12-09 01:38:49.414 [info] > git status -z -uall [13ms]
2022-12-09 01:38:49.415 [info] > git for-each-ref --sort -committerdate --format %(refname) %(objectname) %(*objectname) [2ms]
2022-12-09 01:39:09.371 [warning] No remotes found in the git config file.
2022-12-09 01:39:09.372 [info] > git config --get commit.template [23ms]
2022-12-09 01:39:09.373 [info] > git remote --verbose [2ms]
2022-12-09 01:39:09.374 [info] > git for-each-ref --format=%(refname)%00%(upstream:short)%00%(objectname)%00%(upstream:track)%00%(upstream:remotename)%00%(upstream:remoteref) refs/heads/master refs/remotes/master [18ms]
2022-12-09 01:39:09.388 [info] > git status -z -uall [10ms]
2022-12-09 01:39:09.389 [info] > git for-each-ref --sort -committerdate --format %(refname) %(objectname) %(*objectname) [2ms]
2022-12-09 01:39:29.887 [warning] No remotes found in the git config file.
2022-12-09 01:39:29.888 [info] > git config --get commit.template [18ms]
2022-12-09 01:39:29.889 [info] > git remote --verbose [2ms]
2022-12-09 01:39:29.889 [info] > git for-each-ref --format=%(refname)%00%(upstream:short)%00%(objectname)%00%(upstream:track)%00%(upstream:remotename)%00%(upstream:remoteref) refs/heads/master refs/remotes/master [7ms]
2022-12-09 01:39:29.906 [info] > git status -z -uall [5ms]
2022-12-09 01:39:29.907 [info] > git for-each-ref --sort -committerdate --format %(refname) %(objectname) %(*objectname) [3ms]
2022-12-09 01:40:07.267 [warning] No remotes found in the git config file.
2022-12-09 01:40:07.269 [info] > git config --get commit.template [17ms]
2022-12-09 01:40:07.270 [info] > git remote --verbose [3ms]
2022-12-09 01:40:07.270 [info] > git for-each-ref --format=%(refname)%00%(upstream:short)%00%(objectname)%00%(upstream:track)%00%(upstream:remotename)%00%(upstream:remoteref) refs/heads/master refs/remotes/master [8ms]
2022-12-09 01:40:07.288 [info] > git status -z -uall [12ms]
2022-12-09 01:40:07.289 [info] > git for-each-ref --sort -committerdate --format %(refname) %(objectname) %(*objectname) [2ms]
2022-12-09 01:41:21.909 [warning] No remotes found in the git config file.
2022-12-09 01:41:21.910 [info] > git config --get commit.template [10ms]
2022-12-09 01:41:21.910 [info] > git remote --verbose [1ms]
2022-12-09 01:41:21.910 [info] > git for-each-ref --format=%(refname)%00%(upstream:short)%00%(objectname)%00%(upstream:track)%00%(upstream:remotename)%00%(upstream:remoteref) refs/heads/master refs/remotes/master [6ms]
2022-12-09 01:41:21.920 [info] > git status -z -uall [5ms]
2022-12-09 01:41:21.921 [info] > git for-each-ref --sort -committerdate --format %(refname) %(objectname) %(*objectname) [2ms]
2022-12-09 01:41:46.626 [warning] No remotes found in the git config file.
2022-12-09 01:41:46.629 [info] > git config --get commit.template [12ms]
2022-12-09 01:41:46.632 [info] > git remote --verbose [3ms]
2022-12-09 01:41:46.633 [info] > git for-each-ref --format=%(refname)%00%(upstream:short)%00%(objectname)%00%(upstream:track)%00%(upstream:remotename)%00%(upstream:remoteref) refs/heads/master refs/remotes/master [11ms]
2022-12-09 01:41:46.644 [info] > git status -z -uall [6ms]
2022-12-09 01:41:46.645 [info] > git for-each-ref --sort -committerdate --format %(refname) %(objectname) %(*objectname) [2ms]
2022-12-09 01:42:22.348 [warning] No remotes found in the git config file.
2022-12-09 01:42:22.350 [info] > git config --get commit.template [14ms]
2022-12-09 01:42:22.350 [info] > git remote --verbose [2ms]
2022-12-09 01:42:22.350 [info] > git for-each-ref --format=%(refname)%00%(upstream:short)%00%(objectname)%00%(upstream:track)%00%(upstream:remotename)%00%(upstream:remoteref) refs/heads/master refs/remotes/master [9ms]
2022-12-09 01:42:22.371 [info] > git status -z -uall [15ms]
2022-12-09 01:42:22.372 [info] > git for-each-ref --sort -committerdate --format %(refname) %(objectname) %(*objectname) [3ms]
2022-12-09 01:42:30.093 [warning] No remotes found in the git config file.
2022-12-09 01:42:30.095 [info] > git config --get commit.template [11ms]
2022-12-09 01:42:30.095 [info] > git remote --verbose [2ms]
2022-12-09 01:42:30.096 [info] > git for-each-ref --format=%(refname)%00%(upstream:short)%00%(objectname)%00%(upstream:track)%00%(upstream:remotename)%00%(upstream:remoteref) refs/heads/master refs/remotes/master [8ms]
2022-12-09 01:42:30.135 [info] > git status -z -uall [25ms]
2022-12-09 01:42:30.135 [info] > git for-each-ref --sort -committerdate --format %(refname) %(objectname) %(*objectname) [2ms]
2022-12-09 01:42:35.149 [info] > git config --get commit.template [3ms]
2022-12-09 01:42:35.159 [warning] No remotes found in the git config file.
2022-12-09 01:42:35.160 [info] > git for-each-ref --format=%(refname)%00%(upstream:short)%00%(objectname)%00%(upstream:track)%00%(upstream:remotename)%00%(upstream:remoteref) refs/heads/master refs/remotes/master [5ms]
2022-12-09 01:42:35.161 [info] > git remote --verbose [2ms]
2022-12-09 01:42:35.175 [info] > git status -z -uall [7ms]
2022-12-09 01:42:35.176 [info] > git for-each-ref --sort -committerdate --format %(refname) %(objectname) %(*objectname) [1ms]
2022-12-09 01:42:45.586 [info] > git config --get commit.template [2ms]
2022-12-09 01:42:45.599 [warning] No remotes found in the git config file.
2022-12-09 01:42:45.603 [info] > git for-each-ref --format=%(refname)%00%(upstream:short)%00%(objectname)%00%(upstream:track)%00%(upstream:remotename)%00%(upstream:remoteref) refs/heads/master refs/remotes/master [10ms]
2022-12-09 01:42:45.603 [info] > git remote --verbose [5ms]
2022-12-09 01:42:45.622 [info] > git status -z -uall [12ms]
2022-12-09 01:42:45.623 [info] > git for-each-ref --sort -committerdate --format %(refname) %(objectname) %(*objectname) [2ms]
2022-12-09 01:43:07.476 [info] > git config --get commit.template [8ms]
2022-12-09 01:43:07.482 [warning] No remotes found in the git config file.
2022-12-09 01:43:07.482 [info] > git for-each-ref --format=%(refname)%00%(upstream:short)%00%(objectname)%00%(upstream:track)%00%(upstream:remotename)%00%(upstream:remoteref) refs/heads/master refs/remotes/master [8ms]
2022-12-09 01:43:07.483 [info] > git remote --verbose [1ms]
2022-12-09 01:43:07.501 [info] > git status -z -uall [7ms]
2022-12-09 01:43:07.501 [info] > git for-each-ref --sort -committerdate --format %(refname) %(objectname) %(*objectname) [1ms]
2022-12-09 01:43:52.021 [warning] No remotes found in the git config file.
2022-12-09 01:43:52.022 [info] > git for-each-ref --format=%(refname)%00%(upstream:short)%00%(objectname)%00%(upstream:track)%00%(upstream:remotename)%00%(upstream:remoteref) refs/heads/master refs/remotes/master [7ms]
2022-12-09 01:43:52.024 [info] > git config --get commit.template [20ms]
2022-12-09 01:43:52.024 [info] > git remote --verbose [3ms]
2022-12-09 01:43:52.039 [info] > git status -z -uall [9ms]
2022-12-09 01:43:52.040 [info] > git for-each-ref --sort -committerdate --format %(refname) %(objectname) %(*objectname) [2ms]
