0 verbose cli /home/paolo/.nvm/versions/node/v18.12.1/bin/node /home/paolo/.nvm/versions/node/v18.12.1/bin/npm
1 info using npm@8.19.2
2 info using node@v18.12.1
3 timing npm:load:whichnode Completed in 0ms
4 timing config:load:defaults Completed in 4ms
5 timing config:load:file:/home/paolo/.nvm/versions/node/v18.12.1/lib/node_modules/npm/npmrc Completed in 2ms
6 timing config:load:builtin Completed in 3ms
7 timing config:load:cli Completed in 2ms
8 timing config:load:env Completed in 1ms
9 timing config:load:file:/home/paolo/.cache/typescript/4.9/.npmrc Completed in 0ms
10 timing config:load:project Completed in 11ms
11 timing config:load:file:/home/paolo/.npmrc Completed in 2ms
12 timing config:load:user Completed in 2ms
13 timing config:load:file:/home/paolo/.nvm/versions/node/v18.12.1/etc/npmrc Completed in 0ms
14 timing config:load:global Completed in 0ms
15 timing config:load:validate Completed in 1ms
16 timing config:load:credentials Completed in 0ms
17 timing config:load:setEnvs Completed in 1ms
18 timing config:load Completed in 25ms
19 timing npm:load:configload Completed in 25ms
20 timing npm:load:mkdirpcache Completed in 1ms
21 timing npm:load:mkdirplogs Completed in 1ms
22 verbose title npm install @types/json-server@ts4.9
23 verbose argv "install" "--ignore-scripts" "@types/json-server@ts4.9" "--save-dev" "--user-agent" "typesInstaller/4.9.4"
24 timing npm:load:setTitle Completed in 1ms
25 timing config:load:flatten Completed in 3ms
26 timing npm:load:display Completed in 4ms
27 verbose logfile logs-max:10 dir:/home/paolo/.npm/_logs
28 verbose logfile /home/paolo/.npm/_logs/2022-12-18T21_52_04_242Z-debug-0.log
29 timing npm:load:logFile Completed in 5ms
30 timing npm:load:timers Completed in 0ms
31 timing npm:load:configScope Completed in 0ms
32 timing npm:load Completed in 37ms
33 timing arborist:ctor Completed in 1ms
34 silly logfile start cleaning logs, removing 1 files
35 timing idealTree:init Completed in 69ms
36 silly logfile done cleaning log files
37 timing arborist:ctor Completed in 0ms
38 http fetch GET 200 https://registry.npmjs.org/@types%2fjson-server 1219ms (cache miss)
39 timing idealTree:userRequests Completed in 1226ms
40 silly idealTree buildDeps
41 silly fetch manifest @types/json-server@0.14.4
42 silly placeDep ROOT @types/json-server@0.14.4 OK for:  want: 0.14.4
43 silly fetch manifest @types/connect@*
44 silly fetch manifest @types/express@*
45 silly fetch manifest @types/lowdb@*
46 http fetch GET 200 https://registry.npmjs.org/@types%2fconnect 93ms (cache revalidated)
47 http fetch GET 200 https://registry.npmjs.org/@types%2fexpress 123ms (cache updated)
48 http fetch GET 200 https://registry.npmjs.org/@types%2flowdb 1628ms (cache miss)
49 timing idealTree:#root Completed in 1635ms
50 silly placeDep ROOT @types/connect@3.4.35 OK for: @types/json-server@0.14.4 want: *
51 silly placeDep ROOT @types/express@4.17.15 OK for: @types/json-server@0.14.4 want: *
52 silly placeDep ROOT @types/lowdb@1.0.11 OK for: @types/json-server@0.14.4 want: *
53 silly fetch manifest @types/body-parser@*
54 silly fetch manifest @types/express-serve-static-core@^4.17.31
55 silly fetch manifest @types/qs@*
56 silly fetch manifest @types/serve-static@*
57 silly fetch manifest @types/lodash@*
58 http fetch GET 200 https://registry.npmjs.org/@types%2fbody-parser 62ms (cache revalidated)
59 http fetch GET 200 https://registry.npmjs.org/@types%2fexpress-serve-static-core 73ms (cache revalidated)
60 http fetch GET 200 https://registry.npmjs.org/@types%2flodash 76ms (cache miss)
61 http fetch GET 200 https://registry.npmjs.org/@types%2fserve-static 114ms (cache revalidated)
62 http fetch GET 200 https://registry.npmjs.org/@types%2fqs 168ms (cache revalidated)
63 timing idealTree:node_modules/@types/json-server Completed in 176ms
64 timing idealTree:node_modules/@types/connect Completed in 0ms
65 silly placeDep ROOT @types/body-parser@1.19.2 OK for: @types/express@4.17.15 want: *
66 silly placeDep ROOT @types/express-serve-static-core@4.17.31 OK for: @types/express@4.17.15 want: ^4.17.31
67 silly placeDep ROOT @types/qs@6.9.7 OK for: @types/express@4.17.15 want: *
68 silly placeDep ROOT @types/serve-static@1.15.0 OK for: @types/express@4.17.15 want: *
69 silly fetch manifest @types/range-parser@*
70 silly fetch manifest @types/mime@*
71 http fetch GET 200 https://registry.npmjs.org/@types%2frange-parser 43ms (cache revalidated)
72 http fetch GET 200 https://registry.npmjs.org/@types%2fmime 51ms (cache revalidated)
73 timing idealTree:node_modules/@types/express Completed in 57ms
74 timing idealTree:node_modules/@types/body-parser Completed in 0ms
75 silly placeDep ROOT @types/range-parser@1.2.4 OK for: @types/express-serve-static-core@4.17.31 want: *
76 timing idealTree:node_modules/@types/express-serve-static-core Completed in 1ms
77 silly placeDep ROOT @types/lodash@4.14.191 OK for: @types/lowdb@1.0.11 want: *
78 timing idealTree:node_modules/@types/lowdb Completed in 2ms
79 timing idealTree:node_modules/@types/lodash Completed in 0ms
80 timing idealTree:node_modules/@types/qs Completed in 0ms
81 timing idealTree:node_modules/@types/range-parser Completed in 0ms
82 silly placeDep ROOT @types/mime@3.0.1 OK for: @types/serve-static@1.15.0 want: *
83 timing idealTree:node_modules/@types/serve-static Completed in 3ms
84 timing idealTree:node_modules/@types/mime Completed in 0ms
85 timing idealTree:buildDeps Completed in 1875ms
86 timing idealTree:fixDepFlags Completed in 1ms
87 timing idealTree Completed in 3176ms
88 timing reify:loadTrees Completed in 3177ms
89 timing reify:diffTrees Completed in 3ms
90 silly reify moves {}
91 timing reify:retireShallow Completed in 1ms
92 timing reify:createSparse Completed in 4ms
93 timing reify:loadBundles Completed in 0ms
94 silly audit bulk request {
94 silly audit   '@babel/code-frame': [ '7.18.6' ],
94 silly audit   '@babel/helper-validator-identifier': [ '7.19.1' ],
94 silly audit   '@babel/highlight': [ '7.18.6' ],
94 silly audit   'ansi-styles': [ '3.2.1', '4.3.0', '5.2.0' ],
94 silly audit   chalk: [ '2.4.2', '4.1.2' ],
94 silly audit   'color-convert': [ '1.9.3', '2.0.1' ],
94 silly audit   'color-name': [ '1.1.3', '1.1.4' ],
94 silly audit   'escape-string-regexp': [ '1.0.5', '2.0.0' ],
94 silly audit   'has-flag': [ '3.0.0', '4.0.0' ],
94 silly audit   'supports-color': [ '5.5.0', '7.2.0' ],
94 silly audit   '@jest/expect-utils': [ '29.3.1' ],
94 silly audit   '@jest/schemas': [ '29.0.0' ],
94 silly audit   '@jest/types': [ '29.3.1' ],
94 silly audit   '@sinclair/typebox': [ '0.24.51' ],
94 silly audit   '@types/eslint': [ '8.4.10' ],
94 silly audit   '@types/estree': [ '1.0.0' ],
94 silly audit   '@types/istanbul-lib-coverage': [ '2.0.4' ],
94 silly audit   '@types/istanbul-lib-report': [ '3.0.0' ],
94 silly audit   '@types/istanbul-reports': [ '3.0.1' ],
94 silly audit   '@types/jest': [ '29.2.4' ],
94 silly audit   '@types/json-schema': [ '7.0.11' ],
94 silly audit   '@types/node': [ '18.11.11' ],
94 silly audit   '@types/node-fetch': [ '2.6.2' ],
94 silly audit   '@types/prompt-sync': [ '4.2.0' ],
94 silly audit   '@types/prop-types': [ '15.7.5' ],
94 silly audit   '@types/react': [ '18.0.26' ],
94 silly audit   '@types/react-dom': [ '18.0.9' ],
94 silly audit   '@types/scheduler': [ '0.16.2' ],
94 silly audit   '@types/stack-utils': [ '2.0.1' ],
94 silly audit   '@types/testing-library__jest-dom': [ '5.14.5' ],
94 silly audit   '@types/yargs': [ '17.0.17' ],
94 silly audit   '@types/yargs-parser': [ '21.0.0' ],
94 silly audit   asynckit: [ '0.4.0' ],
94 silly audit   braces: [ '3.0.2' ],
94 silly audit   'ci-info': [ '3.7.0' ],
94 silly audit   'combined-stream': [ '1.0.8' ],
94 silly audit   csstype: [ '3.1.1' ],
94 silly audit   'delayed-stream': [ '1.0.0' ],
94 silly audit   'diff-sequences': [ '29.3.1' ],
94 silly audit   expect: [ '29.3.1' ],
94 silly audit   'fill-range': [ '7.0.1' ],
94 silly audit   'form-data': [ '3.0.1' ],
94 silly audit   'graceful-fs': [ '4.2.10' ],
94 silly audit   'is-number': [ '7.0.0' ],
94 silly audit   'jest-diff': [ '29.3.1' ],
94 silly audit   'jest-get-type': [ '29.2.0' ],
94 silly audit   'jest-matcher-utils': [ '29.3.1' ],
94 silly audit   'jest-message-util': [ '29.3.1' ],
94 silly audit   'jest-util': [ '29.3.1' ],
94 silly audit   'js-tokens': [ '4.0.0' ],
94 silly audit   micromatch: [ '4.0.5' ],
94 silly audit   'mime-db': [ '1.52.0' ],
94 silly audit   'mime-types': [ '2.1.35' ],
94 silly audit   picomatch: [ '2.3.1' ],
94 silly audit   'pretty-format': [ '29.3.1' ],
94 silly audit   'react-is': [ '18.2.0' ],
94 silly audit   slash: [ '3.0.0' ],
94 silly audit   'stack-utils': [ '2.0.6' ],
94 silly audit   'to-regex-range': [ '5.0.1' ],
94 silly audit   'types-registry': [ '0.1.623' ],
94 silly audit   '@types/json-server': [ '0.14.4' ],
94 silly audit   '@types/connect': [ '3.4.35' ],
94 silly audit   '@types/express': [ '4.17.15' ],
94 silly audit   '@types/lowdb': [ '1.0.11' ],
94 silly audit   '@types/body-parser': [ '1.19.2' ],
94 silly audit   '@types/express-serve-static-core': [ '4.17.31' ],
94 silly audit   '@types/qs': [ '6.9.7' ],
94 silly audit   '@types/serve-static': [ '1.15.0' ],
94 silly audit   '@types/range-parser': [ '1.2.4' ],
94 silly audit   '@types/lodash': [ '4.14.191' ],
94 silly audit   '@types/mime': [ '3.0.1' ]
94 silly audit }
95 silly tarball no local data for @types/lodash@https://registry.npmjs.org/@types/lodash/-/lodash-4.14.191.tgz. Extracting by manifest.
96 silly tarball no local data for @types/express@https://registry.npmjs.org/@types/express/-/express-4.17.15.tgz. Extracting by manifest.
97 silly tarball no local data for @types/json-server@https://registry.npmjs.org/@types/json-server/-/json-server-0.14.4.tgz. Extracting by manifest.
98 silly tarball no local data for @types/lowdb@https://registry.npmjs.org/@types/lowdb/-/lowdb-1.0.11.tgz. Extracting by manifest.
99 timing reifyNode:node_modules/@types/serve-static Completed in 55ms
100 timing reifyNode:node_modules/@types/range-parser Completed in 55ms
101 timing reifyNode:node_modules/@types/qs Completed in 55ms
102 timing reifyNode:node_modules/@types/body-parser Completed in 54ms
103 timing reifyNode:node_modules/@types/connect Completed in 54ms
104 timing reifyNode:node_modules/@types/mime Completed in 56ms
105 timing reifyNode:node_modules/@types/express-serve-static-core Completed in 56ms
106 http fetch GET 200 https://registry.npmjs.org/@types/express/-/express-4.17.15.tgz 50ms (cache miss)
107 timing reifyNode:node_modules/@types/express Completed in 70ms
108 http fetch POST 200 https://registry.npmjs.org/-/npm/v1/security/advisories/bulk 327ms
109 timing auditReport:getReport Completed in 331ms
110 silly audit report {}
111 timing auditReport:init Completed in 0ms
112 timing reify:audit Completed in 331ms
113 http fetch GET 200 https://registry.npmjs.org/@types/lowdb/-/lowdb-1.0.11.tgz 308ms (cache miss)
114 timing reifyNode:node_modules/@types/lowdb Completed in 330ms
115 http fetch GET 200 https://registry.npmjs.org/@types/lodash/-/lodash-4.14.191.tgz 816ms (cache miss)
116 timing reifyNode:node_modules/@types/lodash Completed in 833ms
117 http fetch GET 200 https://registry.npmjs.org/@types/json-server/-/json-server-0.14.4.tgz 848ms (cache miss)
118 timing reifyNode:node_modules/@types/json-server Completed in 869ms
119 timing reify:unpack Completed in 870ms
120 timing reify:unretire Completed in 0ms
121 timing build:queue Completed in 1ms
122 timing build:deps Completed in 1ms
123 timing build Completed in 1ms
124 timing reify:build Completed in 2ms
125 timing reify:trash Completed in 0ms
126 timing reify:save Completed in 29ms
127 timing reify Completed in 4108ms
128 silly ADD node_modules/@types/mime
129 silly ADD node_modules/@types/lodash
130 silly ADD node_modules/@types/range-parser
131 silly ADD node_modules/@types/serve-static
132 silly ADD node_modules/@types/qs
133 silly ADD node_modules/@types/express-serve-static-core
134 silly ADD node_modules/@types/body-parser
135 silly ADD node_modules/@types/lowdb
136 silly ADD node_modules/@types/express
137 silly ADD node_modules/@types/connect
138 silly ADD node_modules/@types/json-server
139 timing command:install Completed in 4115ms
140 verbose exit 0
141 timing npm Completed in 4241ms
142 info ok
