0 verbose cli /home/paolo/.nvm/versions/node/v18.12.1/bin/node /home/paolo/.nvm/versions/node/v18.12.1/bin/npm
1 info using npm@8.19.2
2 info using node@v18.12.1
3 timing npm:load:whichnode Completed in 0ms
4 timing config:load:defaults Completed in 1ms
5 timing config:load:file:/home/paolo/.nvm/versions/node/v18.12.1/lib/node_modules/npm/npmrc Completed in 0ms
6 timing config:load:builtin Completed in 1ms
7 timing config:load:cli Completed in 2ms
8 timing config:load:env Completed in 0ms
9 timing config:load:file:/home/paolo/.cache/typescript/4.9/.npmrc Completed in 0ms
10 timing config:load:project Completed in 11ms
11 timing config:load:file:/home/paolo/.npmrc Completed in 1ms
12 timing config:load:user Completed in 1ms
13 timing config:load:file:/home/paolo/.nvm/versions/node/v18.12.1/etc/npmrc Completed in 0ms
14 timing config:load:global Completed in 1ms
15 timing config:load:validate Completed in 0ms
16 timing config:load:credentials Completed in 2ms
17 timing config:load:setEnvs Completed in 1ms
18 timing config:load Completed in 21ms
19 timing npm:load:configload Completed in 21ms
20 timing npm:load:mkdirpcache Completed in 1ms
21 timing npm:load:mkdirplogs Completed in 0ms
22 verbose title npm install types-registry@latest
23 verbose argv "install" "--ignore-scripts" "types-registry@latest"
24 timing npm:load:setTitle Completed in 2ms
25 timing config:load:flatten Completed in 4ms
26 timing npm:load:display Completed in 4ms
27 verbose logfile logs-max:10 dir:/home/paolo/.npm/_logs
28 verbose logfile /home/paolo/.npm/_logs/2022-12-18T21_52_02_483Z-debug-0.log
29 timing npm:load:logFile Completed in 4ms
30 timing npm:load:timers Completed in 0ms
31 timing npm:load:configScope Completed in 1ms
32 timing npm:load Completed in 35ms
33 timing arborist:ctor Completed in 1ms
34 silly logfile start cleaning logs, removing 1 files
35 silly logfile done cleaning log files
36 timing idealTree:init Completed in 70ms
37 timing arborist:ctor Completed in 0ms
38 http fetch GET 200 https://registry.npmjs.org/types-registry 315ms (cache updated)
39 timing idealTree:userRequests Completed in 325ms
40 silly idealTree buildDeps
41 silly fetch manifest types-registry@0.1.623
42 silly placeDep ROOT types-registry@0.1.623 REPLACE for:  want: 0.1.623
43 timing idealTree:#root Completed in 5ms
44 timing idealTree:node_modules/types-registry Completed in 0ms
45 timing idealTree:buildDeps Completed in 6ms
46 timing idealTree:fixDepFlags Completed in 1ms
47 timing idealTree Completed in 407ms
48 timing reify:loadTrees Completed in 408ms
49 timing reify:diffTrees Completed in 3ms
50 silly reify mark retired [ '/home/paolo/.cache/typescript/4.9/node_modules/types-registry' ]
51 silly reify moves {
51 silly reify   '/home/paolo/.cache/typescript/4.9/node_modules/types-registry': '/home/paolo/.cache/typescript/4.9/node_modules/.types-registry-G5UtQm2A'
51 silly reify }
52 timing reify:retireShallow Completed in 3ms
53 timing reify:createSparse Completed in 1ms
54 timing reify:loadBundles Completed in 0ms
55 silly audit bulk request {
55 silly audit   '@babel/code-frame': [ '7.18.6' ],
55 silly audit   '@babel/helper-validator-identifier': [ '7.19.1' ],
55 silly audit   '@babel/highlight': [ '7.18.6' ],
55 silly audit   'ansi-styles': [ '3.2.1', '4.3.0', '5.2.0' ],
55 silly audit   chalk: [ '2.4.2', '4.1.2' ],
55 silly audit   'color-convert': [ '1.9.3', '2.0.1' ],
55 silly audit   'color-name': [ '1.1.3', '1.1.4' ],
55 silly audit   'escape-string-regexp': [ '1.0.5', '2.0.0' ],
55 silly audit   'has-flag': [ '3.0.0', '4.0.0' ],
55 silly audit   'supports-color': [ '5.5.0', '7.2.0' ],
55 silly audit   '@jest/expect-utils': [ '29.3.1' ],
55 silly audit   '@jest/schemas': [ '29.0.0' ],
55 silly audit   '@jest/types': [ '29.3.1' ],
55 silly audit   '@sinclair/typebox': [ '0.24.51' ],
55 silly audit   '@types/eslint': [ '8.4.10' ],
55 silly audit   '@types/estree': [ '1.0.0' ],
55 silly audit   '@types/istanbul-lib-coverage': [ '2.0.4' ],
55 silly audit   '@types/istanbul-lib-report': [ '3.0.0' ],
55 silly audit   '@types/istanbul-reports': [ '3.0.1' ],
55 silly audit   '@types/jest': [ '29.2.4' ],
55 silly audit   '@types/json-schema': [ '7.0.11' ],
55 silly audit   '@types/node': [ '18.11.11' ],
55 silly audit   '@types/node-fetch': [ '2.6.2' ],
55 silly audit   '@types/prompt-sync': [ '4.2.0' ],
55 silly audit   '@types/prop-types': [ '15.7.5' ],
55 silly audit   '@types/react': [ '18.0.26' ],
55 silly audit   '@types/react-dom': [ '18.0.9' ],
55 silly audit   '@types/scheduler': [ '0.16.2' ],
55 silly audit   '@types/stack-utils': [ '2.0.1' ],
55 silly audit   '@types/testing-library__jest-dom': [ '5.14.5' ],
55 silly audit   '@types/yargs': [ '17.0.17' ],
55 silly audit   '@types/yargs-parser': [ '21.0.0' ],
55 silly audit   asynckit: [ '0.4.0' ],
55 silly audit   braces: [ '3.0.2' ],
55 silly audit   'ci-info': [ '3.7.0' ],
55 silly audit   'combined-stream': [ '1.0.8' ],
55 silly audit   csstype: [ '3.1.1' ],
55 silly audit   'delayed-stream': [ '1.0.0' ],
55 silly audit   'diff-sequences': [ '29.3.1' ],
55 silly audit   expect: [ '29.3.1' ],
55 silly audit   'fill-range': [ '7.0.1' ],
55 silly audit   'form-data': [ '3.0.1' ],
55 silly audit   'graceful-fs': [ '4.2.10' ],
55 silly audit   'is-number': [ '7.0.0' ],
55 silly audit   'jest-diff': [ '29.3.1' ],
55 silly audit   'jest-get-type': [ '29.2.0' ],
55 silly audit   'jest-matcher-utils': [ '29.3.1' ],
55 silly audit   'jest-message-util': [ '29.3.1' ],
55 silly audit   'jest-util': [ '29.3.1' ],
55 silly audit   'js-tokens': [ '4.0.0' ],
55 silly audit   micromatch: [ '4.0.5' ],
55 silly audit   'mime-db': [ '1.52.0' ],
55 silly audit   'mime-types': [ '2.1.35' ],
55 silly audit   picomatch: [ '2.3.1' ],
55 silly audit   'pretty-format': [ '29.3.1' ],
55 silly audit   'react-is': [ '18.2.0' ],
55 silly audit   slash: [ '3.0.0' ],
55 silly audit   'stack-utils': [ '2.0.6' ],
55 silly audit   'to-regex-range': [ '5.0.1' ],
55 silly audit   'types-registry': [ '0.1.623' ]
55 silly audit }
56 silly tarball no local data for types-registry@https://registry.npmjs.org/types-registry/-/types-registry-0.1.623.tgz. Extracting by manifest.
57 http fetch GET 200 https://registry.npmjs.org/types-registry/-/types-registry-0.1.623.tgz 125ms (cache miss)
58 timing reifyNode:node_modules/types-registry Completed in 133ms
59 timing reify:unpack Completed in 133ms
60 timing reify:unretire Completed in 0ms
61 timing build:queue Completed in 0ms
62 timing build:deps Completed in 0ms
63 timing build Completed in 1ms
64 timing reify:build Completed in 1ms
65 timing reify:trash Completed in 2ms
66 timing reify:save Completed in 21ms
67 http fetch POST 200 https://registry.npmjs.org/-/npm/v1/security/advisories/bulk 434ms
68 timing auditReport:getReport Completed in 436ms
69 silly audit report {}
70 timing auditReport:init Completed in 0ms
71 timing reify:audit Completed in 438ms
72 timing reify Completed in 861ms
73 silly CHANGE node_modules/types-registry
74 timing command:install Completed in 867ms
75 verbose exit 0
76 timing npm Completed in 1118ms
77 info ok
