2022-12-10 22:08:42.549 [info] Log level: Info
2022-12-10 22:08:42.549 [info] Validating found git in: "git"
2022-12-10 22:08:42.549 [info] Using git "2.25.1" from "git"
2022-12-10 22:08:42.549 [info] > git rev-parse --show-toplevel [35ms]
2022-12-10 22:08:42.549 [info] > git rev-parse --git-dir --git-common-dir [2ms]
2022-12-10 22:08:42.549 [info] Open repository: /home/paolo/develop/cursodeintroduccionareact
2022-12-10 22:08:42.556 [info] > git rev-parse --show-toplevel [12ms]
2022-12-10 22:08:42.561 [info] > git rev-parse --show-toplevel [1ms]
2022-12-10 22:08:42.577 [info] > git config --get commit.template [21ms]
2022-12-10 22:08:42.589 [warning] No remotes found in the git config file.
2022-12-10 22:08:42.590 [info] > git for-each-ref --format=%(refname)%00%(upstream:short)%00%(objectname)%00%(upstream:track)%00%(upstream:remotename)%00%(upstream:remoteref) refs/heads/master refs/remotes/master [7ms]
2022-12-10 22:08:42.591 [info] > git rev-parse --show-toplevel [19ms]
2022-12-10 22:08:42.596 [info] > git remote --verbose [7ms]
2022-12-10 22:08:42.608 [info] > git for-each-ref --sort -committerdate --format %(refname) %(objectname) %(*objectname) [2ms]
2022-12-10 22:08:42.609 [info] > git status -z -uall [8ms]
2022-12-10 22:08:42.652 [info] > git config --get commit.template [9ms]
2022-12-10 22:08:42.666 [warning] No remotes found in the git config file.
2022-12-10 22:08:42.668 [info] > git remote --verbose [2ms]
2022-12-10 22:08:42.668 [info] > git for-each-ref --format=%(refname)%00%(upstream:short)%00%(objectname)%00%(upstream:track)%00%(upstream:remotename)%00%(upstream:remoteref) refs/heads/master refs/remotes/master [10ms]
2022-12-10 22:08:42.681 [info] > git status -z -uall [5ms]
2022-12-10 22:08:42.685 [info] > git for-each-ref --sort -committerdate --format %(refname) %(objectname) %(*objectname) [5ms]
2022-12-10 22:08:43.082 [info] > git check-ignore -v -z --stdin [2ms]
2022-12-10 22:08:43.139 [info] > git show --textconv :src/App.js [11ms]
2022-12-10 22:08:43.139 [info] > git ls-files --stage -- /home/paolo/develop/cursodeintroduccionareact/src/App.js [6ms]
2022-12-10 22:10:31.958 [info] > git show --textconv :src/TodoCounter.css [5ms]
2022-12-10 22:10:31.966 [info] > git ls-files --stage -- /home/paolo/develop/cursodeintroduccionareact/src/TodoCounter.css [8ms]
2022-12-10 22:10:32.159 [info] > git check-ignore -v -z --stdin [1ms]
2022-12-10 22:10:32.672 [info] > git config --get commit.template [1ms]
2022-12-10 22:10:32.681 [warning] No remotes found in the git config file.
2022-12-10 22:10:32.681 [info] > git for-each-ref --format=%(refname)%00%(upstream:short)%00%(objectname)%00%(upstream:track)%00%(upstream:remotename)%00%(upstream:remoteref) refs/heads/master refs/remotes/master [4ms]
2022-12-10 22:10:32.682 [info] > git remote --verbose [2ms]
2022-12-10 22:10:32.691 [info] > git status -z -uall [5ms]
2022-12-10 22:10:32.692 [info] > git for-each-ref --sort -committerdate --format %(refname) %(objectname) %(*objectname) [2ms]
2022-12-10 22:10:59.633 [info] > git config --get commit.template [1ms]
2022-12-10 22:10:59.641 [warning] No remotes found in the git config file.
2022-12-10 22:10:59.642 [info] > git remote --verbose [1ms]
2022-12-10 22:10:59.642 [info] > git for-each-ref --format=%(refname)%00%(upstream:short)%00%(objectname)%00%(upstream:track)%00%(upstream:remotename)%00%(upstream:remoteref) refs/heads/master refs/remotes/master [4ms]
2022-12-10 22:10:59.650 [info] > git status -z -uall [4ms]
2022-12-10 22:10:59.652 [info] > git for-each-ref --sort -committerdate --format %(refname) %(objectname) %(*objectname) [1ms]
2022-12-10 22:11:47.026 [info] > git show --textconv :src/TodoSearch.css [4ms]
2022-12-10 22:11:47.028 [info] > git ls-files --stage -- /home/paolo/develop/cursodeintroduccionareact/src/TodoSearch.css [2ms]
2022-12-10 22:11:47.280 [info] > git check-ignore -v -z --stdin [1ms]
2022-12-10 22:11:47.786 [info] > git config --get commit.template [1ms]
2022-12-10 22:11:47.792 [warning] No remotes found in the git config file.
2022-12-10 22:11:47.794 [info] > git for-each-ref --format=%(refname)%00%(upstream:short)%00%(objectname)%00%(upstream:track)%00%(upstream:remotename)%00%(upstream:remoteref) refs/heads/master refs/remotes/master [5ms]
2022-12-10 22:11:47.794 [info] > git remote --verbose [2ms]
2022-12-10 22:11:47.801 [info] > git status -z -uall [4ms]
2022-12-10 22:11:47.802 [info] > git for-each-ref --sort -committerdate --format %(refname) %(objectname) %(*objectname) [1ms]
2022-12-10 22:12:24.162 [info] > git config --get commit.template [1ms]
2022-12-10 22:12:24.175 [warning] No remotes found in the git config file.
2022-12-10 22:12:24.176 [info] > git for-each-ref --format=%(refname)%00%(upstream:short)%00%(objectname)%00%(upstream:track)%00%(upstream:remotename)%00%(upstream:remoteref) refs/heads/master refs/remotes/master [10ms]
2022-12-10 22:12:24.177 [info] > git remote --verbose [2ms]
2022-12-10 22:12:24.189 [info] > git status -z -uall [8ms]
2022-12-10 22:12:24.189 [info] > git for-each-ref --sort -committerdate --format %(refname) %(objectname) %(*objectname) [1ms]
2022-12-10 22:12:30.198 [info] > git show --textconv :src/TodoList.css [4ms]
2022-12-10 22:12:30.199 [info] > git ls-files --stage -- /home/paolo/develop/cursodeintroduccionareact/src/TodoList.css [2ms]
2022-12-10 22:12:30.446 [info] > git check-ignore -v -z --stdin [1ms]
2022-12-10 22:12:30.954 [info] > git config --get commit.template [1ms]
2022-12-10 22:12:30.961 [warning] No remotes found in the git config file.
2022-12-10 22:12:30.962 [info] > git remote --verbose [1ms]
2022-12-10 22:12:30.962 [info] > git for-each-ref --format=%(refname)%00%(upstream:short)%00%(objectname)%00%(upstream:track)%00%(upstream:remotename)%00%(upstream:remoteref) refs/heads/master refs/remotes/master [4ms]
2022-12-10 22:12:30.969 [info] > git status -z -uall [4ms]
2022-12-10 22:12:30.972 [info] > git for-each-ref --sort -committerdate --format %(refname) %(objectname) %(*objectname) [3ms]
2022-12-10 22:12:46.265 [warning] No remotes found in the git config file.
2022-12-10 22:12:46.266 [info] > git config --get commit.template [10ms]
2022-12-10 22:12:46.266 [info] > git remote --verbose [1ms]
2022-12-10 22:12:46.267 [info] > git for-each-ref --format=%(refname)%00%(upstream:short)%00%(objectname)%00%(upstream:track)%00%(upstream:remotename)%00%(upstream:remoteref) refs/heads/master refs/remotes/master [6ms]
2022-12-10 22:12:46.286 [info] > git status -z -uall [5ms]
2022-12-10 22:12:46.287 [info] > git for-each-ref --sort -committerdate --format %(refname) %(objectname) %(*objectname) [2ms]
2022-12-10 22:12:51.821 [info] > git show --textconv :src/TodoItem.css [5ms]
2022-12-10 22:12:51.822 [info] > git ls-files --stage -- /home/paolo/develop/cursodeintroduccionareact/src/TodoItem.css [2ms]
2022-12-10 22:12:52.062 [info] > git check-ignore -v -z --stdin [1ms]
2022-12-10 22:12:52.572 [info] > git config --get commit.template [5ms]
2022-12-10 22:12:52.577 [warning] No remotes found in the git config file.
2022-12-10 22:12:52.579 [info] > git remote --verbose [2ms]
2022-12-10 22:12:52.579 [info] > git for-each-ref --format=%(refname)%00%(upstream:short)%00%(objectname)%00%(upstream:track)%00%(upstream:remotename)%00%(upstream:remoteref) refs/heads/master refs/remotes/master [7ms]
2022-12-10 22:12:52.587 [info] > git status -z -uall [4ms]
2022-12-10 22:12:52.589 [info] > git for-each-ref --sort -committerdate --format %(refname) %(objectname) %(*objectname) [3ms]
2022-12-10 22:13:12.253 [warning] No remotes found in the git config file.
2022-12-10 22:13:12.253 [info] > git for-each-ref --format=%(refname)%00%(upstream:short)%00%(objectname)%00%(upstream:track)%00%(upstream:remotename)%00%(upstream:remoteref) refs/heads/master refs/remotes/master [4ms]
2022-12-10 22:13:12.254 [info] > git config --get commit.template [10ms]
2022-12-10 22:13:12.254 [info] > git remote --verbose [1ms]
2022-12-10 22:13:12.267 [info] > git status -z -uall [4ms]
2022-12-10 22:13:12.268 [info] > git for-each-ref --sort -committerdate --format %(refname) %(objectname) %(*objectname) [1ms]
2022-12-10 22:13:21.749 [info] > git show --textconv :src/CreateTodoButton.css [6ms]
2022-12-10 22:13:21.750 [info] > git ls-files --stage -- /home/paolo/develop/cursodeintroduccionareact/src/CreateTodoButton.css [2ms]
2022-12-10 22:13:21.999 [info] > git check-ignore -v -z --stdin [1ms]
2022-12-10 22:13:22.509 [info] > git config --get commit.template [1ms]
2022-12-10 22:13:22.517 [warning] No remotes found in the git config file.
2022-12-10 22:13:22.518 [info] > git for-each-ref --format=%(refname)%00%(upstream:short)%00%(objectname)%00%(upstream:track)%00%(upstream:remotename)%00%(upstream:remoteref) refs/heads/master refs/remotes/master [5ms]
2022-12-10 22:13:22.518 [info] > git remote --verbose [1ms]
2022-12-10 22:13:22.526 [info] > git status -z -uall [4ms]
2022-12-10 22:13:22.527 [info] > git for-each-ref --sort -committerdate --format %(refname) %(objectname) %(*objectname) [2ms]
2022-12-10 23:02:44.614 [warning] No remotes found in the git config file.
2022-12-10 23:02:44.617 [info] > git remote --verbose [2ms]
2022-12-10 23:02:44.617 [info] > git for-each-ref --format=%(refname)%00%(upstream:short)%00%(objectname)%00%(upstream:track)%00%(upstream:remotename)%00%(upstream:remoteref) refs/heads/master refs/remotes/master [19ms]
2022-12-10 23:02:44.618 [info] > git config --get commit.template [38ms]
2022-12-10 23:02:44.645 [info] > git status -z -uall [18ms]
2022-12-10 23:02:44.646 [info] > git for-each-ref --sort -committerdate --format %(refname) %(objectname) %(*objectname) [1ms]
2022-12-10 23:03:48.902 [info] > git show --textconv :src/index.js [7ms]
2022-12-10 23:03:48.903 [info] > git ls-files --stage -- /home/paolo/develop/cursodeintroduccionareact/src/index.js [2ms]
2022-12-10 23:04:02.032 [info] > git check-ignore -v -z --stdin [3ms]
2022-12-10 23:04:03.736 [info] > git show --textconv :public/index.html [8ms]
2022-12-10 23:04:03.736 [info] > git ls-files --stage -- /home/paolo/develop/cursodeintroduccionareact/public/index.html [3ms]
2022-12-10 23:08:14.700 [info] > git config --get commit.template [2ms]
2022-12-10 23:08:14.709 [warning] No remotes found in the git config file.
2022-12-10 23:08:14.709 [info] > git for-each-ref --format=%(refname)%00%(upstream:short)%00%(objectname)%00%(upstream:track)%00%(upstream:remotename)%00%(upstream:remoteref) refs/heads/master refs/remotes/master [4ms]
2022-12-10 23:08:14.710 [info] > git remote --verbose [1ms]
2022-12-10 23:08:14.739 [info] > git status -z -uall [15ms]
2022-12-10 23:08:14.742 [info] > git for-each-ref --sort -committerdate --format %(refname) %(objectname) %(*objectname) [4ms]
2022-12-10 23:08:34.065 [info] > git show --textconv :src/index.js [8ms]
2022-12-10 23:08:34.067 [info] > git ls-files --stage -- /home/paolo/develop/cursodeintroduccionareact/src/index.js [4ms]
2022-12-10 23:08:34.907 [info] > git show --textconv :src/index.css [6ms]
2022-12-10 23:08:34.911 [info] > git ls-files --stage -- /home/paolo/develop/cursodeintroduccionareact/src/index.css [4ms]
2022-12-10 23:15:13.362 [info] > git config --get commit.template [6ms]
2022-12-10 23:15:13.365 [warning] No remotes found in the git config file.
2022-12-10 23:15:13.366 [info] > git for-each-ref --format=%(refname)%00%(upstream:short)%00%(objectname)%00%(upstream:track)%00%(upstream:remotename)%00%(upstream:remoteref) refs/heads/master refs/remotes/master [5ms]
2022-12-10 23:15:13.366 [info] > git remote --verbose [1ms]
2022-12-10 23:15:13.384 [info] > git status -z -uall [12ms]
2022-12-10 23:15:13.386 [info] > git for-each-ref --sort -committerdate --format %(refname) %(objectname) %(*objectname) [3ms]
2022-12-10 23:20:24.875 [info] > git show --textconv :src/CreateTodoButton.js [5ms]
2022-12-10 23:20:24.877 [info] > git ls-files --stage -- /home/paolo/develop/cursodeintroduccionareact/src/CreateTodoButton.js [2ms]
2022-12-10 23:20:59.832 [info] > git show --textconv :src/CreateTodoButton.css [6ms]
2022-12-10 23:20:59.833 [info] > git ls-files --stage -- /home/paolo/develop/cursodeintroduccionareact/src/CreateTodoButton.css [2ms]
2022-12-10 23:21:08.458 [info] > git config --get commit.template [1ms]
2022-12-10 23:21:08.467 [warning] No remotes found in the git config file.
2022-12-10 23:21:08.468 [info] > git remote --verbose [1ms]
2022-12-10 23:21:08.468 [info] > git for-each-ref --format=%(refname)%00%(upstream:short)%00%(objectname)%00%(upstream:track)%00%(upstream:remotename)%00%(upstream:remoteref) refs/heads/master refs/remotes/master [5ms]
2022-12-10 23:21:08.501 [info] > git status -z -uall [19ms]
2022-12-10 23:21:08.502 [info] > git for-each-ref --sort -committerdate --format %(refname) %(objectname) %(*objectname) [2ms]
2022-12-10 23:21:19.766 [warning] No remotes found in the git config file.
2022-12-10 23:21:19.772 [info] > git config --get commit.template [10ms]
2022-12-10 23:21:19.772 [info] > git for-each-ref --format=%(refname)%00%(upstream:short)%00%(objectname)%00%(upstream:track)%00%(upstream:remotename)%00%(upstream:remoteref) refs/heads/master refs/remotes/master [2ms]
2022-12-10 23:21:19.773 [info] > git remote --verbose [7ms]
2022-12-10 23:21:19.782 [info] > git status -z -uall [5ms]
2022-12-10 23:21:19.784 [info] > git for-each-ref --sort -committerdate --format %(refname) %(objectname) %(*objectname) [3ms]
2022-12-10 23:21:41.846 [info] > git show --textconv :src/index.js [5ms]
2022-12-10 23:21:41.847 [info] > git ls-files --stage -- /home/paolo/develop/cursodeintroduccionareact/src/index.js [2ms]
2022-12-10 23:21:56.214 [info] > git show --textconv :src/App.js [4ms]
2022-12-10 23:21:56.215 [info] > git ls-files --stage -- /home/paolo/develop/cursodeintroduccionareact/src/App.js [2ms]
2022-12-10 23:24:53.024 [info] > git show --textconv :src/TodoCounter.js [5ms]
2022-12-10 23:24:53.025 [info] > git ls-files --stage -- /home/paolo/develop/cursodeintroduccionareact/src/TodoCounter.js [2ms]
2022-12-10 23:25:34.531 [info] > git show --textconv :src/TodoCounter.css [10ms]
2022-12-10 23:25:34.533 [info] > git ls-files --stage -- /home/paolo/develop/cursodeintroduccionareact/src/TodoCounter.css [6ms]
2022-12-10 23:25:43.605 [info] > git config --get commit.template [11ms]
2022-12-10 23:25:43.612 [warning] No remotes found in the git config file.
2022-12-10 23:25:43.613 [info] > git for-each-ref --format=%(refname)%00%(upstream:short)%00%(objectname)%00%(upstream:track)%00%(upstream:remotename)%00%(upstream:remoteref) refs/heads/master refs/remotes/master [9ms]
2022-12-10 23:25:43.614 [info] > git remote --verbose [2ms]
2022-12-10 23:25:43.627 [info] > git status -z -uall [7ms]
2022-12-10 23:25:43.630 [info] > git for-each-ref --sort -committerdate --format %(refname) %(objectname) %(*objectname) [4ms]
2022-12-10 23:25:50.579 [info] > git show --textconv :src/TodoList.js [5ms]
2022-12-10 23:25:50.580 [info] > git ls-files --stage -- /home/paolo/develop/cursodeintroduccionareact/src/TodoList.js [1ms]
2022-12-10 23:26:04.705 [info] > git show --textconv :src/TodoList.css [6ms]
2022-12-10 23:26:04.707 [info] > git ls-files --stage -- /home/paolo/develop/cursodeintroduccionareact/src/TodoList.css [1ms]
2022-12-10 23:26:09.187 [warning] No remotes found in the git config file.
2022-12-10 23:26:09.188 [info] > git config --get commit.template [10ms]
2022-12-10 23:26:09.188 [info] > git remote --verbose [1ms]
2022-12-10 23:26:09.188 [info] > git for-each-ref --format=%(refname)%00%(upstream:short)%00%(objectname)%00%(upstream:track)%00%(upstream:remotename)%00%(upstream:remoteref) refs/heads/master refs/remotes/master [5ms]
2022-12-10 23:26:09.198 [info] > git status -z -uall [6ms]
2022-12-10 23:26:09.199 [info] > git for-each-ref --sort -committerdate --format %(refname) %(objectname) %(*objectname) [1ms]
2022-12-10 23:27:27.094 [info] > git show --textconv :src/TodoSearch.css [6ms]
2022-12-10 23:27:27.096 [info] > git ls-files --stage -- /home/paolo/develop/cursodeintroduccionareact/src/TodoSearch.css [2ms]
2022-12-10 23:27:42.006 [warning] No remotes found in the git config file.
2022-12-10 23:27:42.006 [info] > git config --get commit.template [5ms]
2022-12-10 23:27:42.012 [info] > git remote --verbose [6ms]
2022-12-10 23:27:42.014 [info] > git for-each-ref --format=%(refname)%00%(upstream:short)%00%(objectname)%00%(upstream:track)%00%(upstream:remotename)%00%(upstream:remoteref) refs/heads/master refs/remotes/master [3ms]
2022-12-10 23:27:42.027 [info] > git status -z -uall [5ms]
2022-12-10 23:27:42.028 [info] > git for-each-ref --sort -committerdate --format %(refname) %(objectname) %(*objectname) [2ms]
2022-12-10 23:27:47.039 [info] > git config --get commit.template [2ms]
2022-12-10 23:27:47.049 [warning] No remotes found in the git config file.
2022-12-10 23:27:47.049 [info] > git for-each-ref --format=%(refname)%00%(upstream:short)%00%(objectname)%00%(upstream:track)%00%(upstream:remotename)%00%(upstream:remoteref) refs/heads/master refs/remotes/master [5ms]
2022-12-10 23:27:47.050 [info] > git remote --verbose [1ms]
2022-12-10 23:27:47.058 [info] > git status -z -uall [4ms]
2022-12-10 23:27:47.059 [info] > git for-each-ref --sort -committerdate --format %(refname) %(objectname) %(*objectname) [1ms]
2022-12-10 23:27:50.281 [info] > git show --textconv :src/TodoSearch.js [6ms]
2022-12-10 23:27:50.282 [info] > git ls-files --stage -- /home/paolo/develop/cursodeintroduccionareact/src/TodoSearch.js [1ms]
2022-12-10 23:28:18.402 [warning] No remotes found in the git config file.
2022-12-10 23:28:18.402 [info] > git config --get commit.template [11ms]
2022-12-10 23:28:18.403 [info] > git remote --verbose [0ms]
2022-12-10 23:28:18.403 [info] > git for-each-ref --format=%(refname)%00%(upstream:short)%00%(objectname)%00%(upstream:track)%00%(upstream:remotename)%00%(upstream:remoteref) refs/heads/master refs/remotes/master [6ms]
2022-12-10 23:28:18.411 [info] > git status -z -uall [4ms]
2022-12-10 23:28:18.412 [info] > git for-each-ref --sort -committerdate --format %(refname) %(objectname) %(*objectname) [1ms]
