2022-12-13 18:58:49.361 [info] Extension host with pid 344 started
2022-12-13 18:58:49.383 [error] Error: EEXIST: file already exists, open '/home/paolo/.vscode-server/data/User/workspaceStorage/fd2075b2f75edd386c6d3d2ec6d562e4/vscode.lock'
2022-12-13 18:58:49.496 [info] ExtensionService#_doActivateExtension vscode.css-language-features, startup: false, activationEvent: 'onLanguage:css'
2022-12-13 18:58:49.497 [info] ExtensionService#_doActivateExtension vscode.git-base, startup: true, activationEvent: '*', root cause: vscode.git
2022-12-13 18:58:49.585 [info] ExtensionService#_doActivateExtension vscode.npm, startup: true, activationEvent: 'workspaceContains:package.json'
2022-12-13 18:58:49.651 [info] Lock '/home/paolo/.vscode-server/data/User/workspaceStorage/fd2075b2f75edd386c6d3d2ec6d562e4/vscode.lock': Could not acquire lock, checking if the file is stale.
2022-12-13 18:58:49.665 [info] Lock '/home/paolo/.vscode-server/data/User/workspaceStorage/fd2075b2f75edd386c6d3d2ec6d562e4/vscode.lock': The pid 341 appears to be gone.
2022-12-13 18:58:49.665 [info] Lock '/home/paolo/.vscode-server/data/User/workspaceStorage/fd2075b2f75edd386c6d3d2ec6d562e4/vscode.lock': Deleting a stale lock.
2022-12-13 18:58:49.685 [info] Lock '/home/paolo/.vscode-server/data/User/workspaceStorage/fd2075b2f75edd386c6d3d2ec6d562e4/vscode.lock': Lock acquired.
2022-12-13 18:58:49.764 [info] ExtensionService#_doActivateExtension vscode.git, startup: true, activationEvent: '*'
2022-12-13 18:58:49.764 [info] ExtensionService#_doActivateExtension vscode.github, startup: true, activationEvent: '*'
2022-12-13 18:58:50.581 [info] ExtensionService#_doActivateExtension vscode.debug-auto-launch, startup: false, activationEvent: 'onStartupFinished'
2022-12-13 18:58:50.582 [info] ExtensionService#_doActivateExtension vscode.emmet, startup: false, activationEvent: 'onStartupFinished'
2022-12-13 18:58:50.582 [info] ExtensionService#_doActivateExtension vscode.merge-conflict, startup: false, activationEvent: 'onStartupFinished'
2022-12-13 18:58:50.583 [info] ExtensionService#_doActivateExtension ritwickdey.LiveServer, startup: false, activationEvent: 'onStartupFinished'
2022-12-13 18:58:50.583 [info] Eager extensions activated
2022-12-13 18:58:52.666 [info] ExtensionService#_doActivateExtension vscode.typescript-language-features, startup: false, activationEvent: 'onLanguage:javascript'
2022-12-13 19:38:51.896 [info] Extension host terminating: received terminate message from renderer
2022-12-13 19:38:51.898 [info] Lock '/home/paolo/.vscode-server/data/User/workspaceStorage/fd2075b2f75edd386c6d3d2ec6d562e4/vscode.lock': Marking the lockfile as scheduled to be released in 6000 ms.
2022-12-13 19:38:52.044 [info] Extension host with pid 344 exiting with code 0
