2022-12-18 16:51:55.742 [info] Extension host with pid 678 started
2022-12-18 16:51:55.904 [info] ExtensionService#_doActivateExtension vscode.configuration-editing, startup: false, activationEvent: 'onLanguage:json'
2022-12-18 16:51:55.911 [info] ExtensionService#_doActivateExtension vscode.extension-editing, startup: false, activationEvent: 'onLanguage:json'
2022-12-18 16:51:55.911 [info] ExtensionService#_doActivateExtension vscode.json-language-features, startup: false, activationEvent: 'onLanguage:json'
2022-12-18 16:51:55.912 [info] ExtensionService#_doActivateExtension vscode.npm, startup: false, activationEvent: 'onLanguage:json'
2022-12-18 16:51:55.912 [info] ExtensionService#_doActivateExtension vscode.git-base, startup: true, activationEvent: '*', root cause: vscode.git
2022-12-18 16:51:56.175 [info] Lock '/home/paolo/.vscode-server/data/User/workspaceStorage/803b6111a3119f285c0905e87e963c3d/vscode.lock': Lock acquired.
2022-12-18 16:51:56.290 [info] ExtensionService#_doActivateExtension vscode.git, startup: true, activationEvent: '*'
2022-12-18 16:51:56.291 [info] ExtensionService#_doActivateExtension vscode.github, startup: true, activationEvent: '*'
2022-12-18 16:51:57.017 [info] ExtensionService#_doActivateExtension vscode.typescript-language-features, startup: false, activationEvent: 'onLanguage:jsonc'
2022-12-18 16:51:57.134 [info] ExtensionService#_doActivateExtension vscode.debug-auto-launch, startup: false, activationEvent: 'onStartupFinished'
2022-12-18 16:51:57.134 [info] ExtensionService#_doActivateExtension vscode.emmet, startup: false, activationEvent: 'onStartupFinished'
2022-12-18 16:51:57.135 [info] ExtensionService#_doActivateExtension vscode.merge-conflict, startup: false, activationEvent: 'onStartupFinished'
2022-12-18 16:51:57.135 [info] ExtensionService#_doActivateExtension ritwickdey.LiveServer, startup: false, activationEvent: 'onStartupFinished'
2022-12-18 16:51:57.136 [info] Eager extensions activated
2022-12-18 16:51:57.374 [warning] [Decorations] CAPPING events from decorations provider vscode.git 4465
2022-12-18 16:51:58.136 [warning] [Decorations] CAPPING events from decorations provider vscode.git 4465
2022-12-18 16:52:30.623 [info] Extension host terminating: received terminate message from renderer
2022-12-18 16:52:30.623 [info] Lock '/home/paolo/.vscode-server/data/User/workspaceStorage/803b6111a3119f285c0905e87e963c3d/vscode.lock': Marking the lockfile as scheduled to be released in 6000 ms.
2022-12-18 16:52:30.670 [info] Extension host with pid 678 exiting with code 0
