2022-12-09 10:27:54.806 [info] Log level: Info
2022-12-09 10:27:54.806 [info] Validating found git in: "git"
2022-12-09 10:27:54.806 [info] Using git "2.25.1" from "git"
2022-12-09 10:27:54.820 [info] > git rev-parse --show-toplevel [44ms]
2022-12-09 10:27:54.827 [info] > git rev-parse --git-dir --git-common-dir [2ms]
2022-12-09 10:27:54.837 [info] Open repository: /home/paolo/develop/cursodeintroduccionareact
2022-12-09 10:27:54.855 [info] > git rev-parse --show-toplevel [8ms]
2022-12-09 10:27:54.860 [info] > git rev-parse --show-toplevel [1ms]
2022-12-09 10:27:54.865 [info] > git config --get commit.template [12ms]
2022-12-09 10:27:54.866 [info] > git rev-parse --show-toplevel [2ms]
2022-12-09 10:27:54.890 [warning] No remotes found in the git config file.
2022-12-09 10:27:54.892 [info] > git remote --verbose [2ms]
2022-12-09 10:27:54.894 [info] > git for-each-ref --format=%(refname)%00%(upstream:short)%00%(objectname)%00%(upstream:track)%00%(upstream:remotename)%00%(upstream:remoteref) refs/heads/master refs/remotes/master [17ms]
2022-12-09 10:27:54.924 [info] > git status -z -uall [16ms]
2022-12-09 10:27:54.925 [info] > git for-each-ref --sort -committerdate --format %(refname) %(objectname) %(*objectname) [10ms]
2022-12-09 10:27:54.957 [info] > git config --get commit.template [7ms]
2022-12-09 10:27:54.968 [warning] No remotes found in the git config file.
2022-12-09 10:27:54.970 [info] > git for-each-ref --format=%(refname)%00%(upstream:short)%00%(objectname)%00%(upstream:track)%00%(upstream:remotename)%00%(upstream:remoteref) refs/heads/master refs/remotes/master [9ms]
2022-12-09 10:27:54.971 [info] > git remote --verbose [3ms]
2022-12-09 10:27:54.983 [info] > git status -z -uall [7ms]
2022-12-09 10:27:54.983 [info] > git for-each-ref --sort -committerdate --format %(refname) %(objectname) %(*objectname) [3ms]
2022-12-09 10:27:55.412 [info] > git show --textconv :src/App.js [5ms]
2022-12-09 10:27:55.412 [info] > git ls-files --stage -- /home/paolo/develop/cursodeintroduccionareact/src/App.js [1ms]
2022-12-09 10:27:55.433 [info] > git check-ignore -v -z --stdin [5ms]
2022-12-09 10:28:03.071 [info] > git show --textconv :src/TodoList.js [4ms]
2022-12-09 10:28:03.072 [info] > git ls-files --stage -- /home/paolo/develop/cursodeintroduccionareact/src/TodoList.js [2ms]
2022-12-09 10:28:06.086 [info] > git show --textconv :src/CreateTodoButton.js [4ms]
2022-12-09 10:28:06.087 [info] > git ls-files --stage -- /home/paolo/develop/cursodeintroduccionareact/src/CreateTodoButton.js [1ms]
2022-12-09 10:28:41.836 [info] > git show --textconv :src/index.js [4ms]
2022-12-09 10:28:41.837 [info] > git ls-files --stage -- /home/paolo/develop/cursodeintroduccionareact/src/index.js [2ms]
2022-12-09 10:28:44.819 [info] > git show --textconv :src/App.js [4ms]
2022-12-09 10:28:44.820 [info] > git ls-files --stage -- /home/paolo/develop/cursodeintroduccionareact/src/App.js [1ms]
2022-12-09 10:28:50.926 [info] > git show --textconv :src/CreateTodoButton.js [5ms]
2022-12-09 10:28:50.927 [info] > git ls-files --stage -- /home/paolo/develop/cursodeintroduccionareact/src/CreateTodoButton.js [2ms]
2022-12-09 10:30:22.656 [info] > git show --textconv :src/App.js [4ms]
2022-12-09 10:30:22.656 [info] > git ls-files --stage -- /home/paolo/develop/cursodeintroduccionareact/src/App.js [1ms]
2022-12-09 10:34:19.806 [info] > git config --get commit.template [1ms]
2022-12-09 10:34:19.814 [warning] No remotes found in the git config file.
2022-12-09 10:34:19.814 [info] > git for-each-ref --format=%(refname)%00%(upstream:short)%00%(objectname)%00%(upstream:track)%00%(upstream:remotename)%00%(upstream:remoteref) refs/heads/master refs/remotes/master [4ms]
2022-12-09 10:34:19.814 [info] > git remote --verbose [1ms]
2022-12-09 10:34:19.823 [info] > git status -z -uall [5ms]
2022-12-09 10:34:19.823 [info] > git for-each-ref --sort -committerdate --format %(refname) %(objectname) %(*objectname) [1ms]
2022-12-09 10:34:35.250 [info] > git show --textconv :src/index.js [4ms]
2022-12-09 10:34:35.251 [info] > git ls-files --stage -- /home/paolo/develop/cursodeintroduccionareact/src/index.js [1ms]
2022-12-09 10:34:52.912 [info] > git show --textconv :src/TodoItem.js [12ms]
2022-12-09 10:34:52.912 [info] > git ls-files --stage -- /home/paolo/develop/cursodeintroduccionareact/src/TodoItem.js [1ms]
2022-12-09 10:34:53.319 [info] > git show --textconv :src/TodoCounter.js [4ms]
2022-12-09 10:34:53.320 [info] > git ls-files --stage -- /home/paolo/develop/cursodeintroduccionareact/src/TodoCounter.js [2ms]
2022-12-09 10:34:58.656 [info] > git show --textconv :src/index.js [4ms]
2022-12-09 10:34:58.657 [info] > git ls-files --stage -- /home/paolo/develop/cursodeintroduccionareact/src/index.js [2ms]
2022-12-09 10:35:00.312 [info] > git show --textconv :src/App.js [4ms]
2022-12-09 10:35:00.314 [info] > git ls-files --stage -- /home/paolo/develop/cursodeintroduccionareact/src/App.js [3ms]
2022-12-09 10:35:07.967 [info] > git show --textconv :src/TodoItem.js [5ms]
2022-12-09 10:35:07.967 [info] > git ls-files --stage -- /home/paolo/develop/cursodeintroduccionareact/src/TodoItem.js [1ms]
2022-12-09 11:00:25.051 [info] > git show --textconv :src/App.js [5ms]
2022-12-09 11:00:25.052 [info] > git ls-files --stage -- /home/paolo/develop/cursodeintroduccionareact/src/App.js [2ms]
2022-12-09 11:00:28.585 [info] > git show --textconv :src/TodoSearch.js [4ms]
2022-12-09 11:00:28.585 [info] > git ls-files --stage -- /home/paolo/develop/cursodeintroduccionareact/src/TodoSearch.js [1ms]
2022-12-09 11:00:29.137 [info] > git show --textconv :src/TodoList.js [5ms]
2022-12-09 11:00:29.139 [info] > git ls-files --stage -- /home/paolo/develop/cursodeintroduccionareact/src/TodoList.js [1ms]
2022-12-09 11:16:33.129 [info] > git show --textconv :src/App.js [4ms]
2022-12-09 11:16:33.129 [info] > git ls-files --stage -- /home/paolo/develop/cursodeintroduccionareact/src/App.js [1ms]
2022-12-09 11:17:05.526 [info] > git config --get commit.template [5ms]
2022-12-09 11:17:05.530 [warning] No remotes found in the git config file.
2022-12-09 11:17:05.530 [info] > git for-each-ref --format=%(refname)%00%(upstream:short)%00%(objectname)%00%(upstream:track)%00%(upstream:remotename)%00%(upstream:remoteref) refs/heads/master refs/remotes/master [5ms]
2022-12-09 11:17:05.531 [info] > git remote --verbose [1ms]
2022-12-09 11:17:05.538 [info] > git status -z -uall [3ms]
2022-12-09 11:17:05.539 [info] > git for-each-ref --sort -committerdate --format %(refname) %(objectname) %(*objectname) [1ms]
2022-12-09 11:24:42.418 [info] > git config --get commit.template [1ms]
2022-12-09 11:24:42.431 [warning] No remotes found in the git config file.
2022-12-09 11:24:42.432 [info] > git for-each-ref --format=%(refname)%00%(upstream:short)%00%(objectname)%00%(upstream:track)%00%(upstream:remotename)%00%(upstream:remoteref) refs/heads/master refs/remotes/master [9ms]
2022-12-09 11:24:42.432 [info] > git remote --verbose [1ms]
2022-12-09 11:24:42.441 [info] > git status -z -uall [4ms]
2022-12-09 11:24:42.442 [info] > git for-each-ref --sort -committerdate --format %(refname) %(objectname) %(*objectname) [2ms]
